<?xml version="1.0" encoding="UTF-8"?>
<testsuite name="com.pongdong.book.springboot.web.HelloControllerTest" tests="2" skipped="0" failures="0" errors="0" timestamp="2021-11-30T00:53:20" hostname="LAPTOP-KJK6C5MT" time="0.438">
  <properties/>
  <testcase name="HelloDto가_리턴_된다()" classname="com.pongdong.book.springboot.web.HelloControllerTest" time="0.428"/>
  <testcase name="Hello가_리턴된다()" classname="com.pongdong.book.springboot.web.HelloControllerTest" time="0.009"/>
  <system-out><![CDATA[09:53:17.000 [Test worker] DEBUG org.springframework.test.context.BootstrapUtils - Instantiating CacheAwareContextLoaderDelegate from class [org.springframework.test.context.cache.DefaultCacheAwareContextLoaderDelegate]
09:53:17.035 [Test worker] DEBUG org.springframework.test.context.BootstrapUtils - Instantiating BootstrapContext using constructor [public org.springframework.test.context.support.DefaultBootstrapContext(java.lang.Class,org.springframework.test.context.CacheAwareContextLoaderDelegate)]
09:53:17.067 [Test worker] DEBUG org.springframework.test.context.BootstrapUtils - Instantiating TestContextBootstrapper for test class [com.pongdong.book.springboot.web.HelloControllerTest] from class [org.springframework.boot.test.autoconfigure.web.servlet.WebMvcTestContextBootstrapper]
09:53:17.091 [Test worker] INFO org.springframework.boot.test.autoconfigure.web.servlet.WebMvcTestContextBootstrapper - Neither @ContextConfiguration nor @ContextHierarchy found for test class [com.pongdong.book.springboot.web.HelloControllerTest], using SpringBootContextLoader
09:53:17.095 [Test worker] DEBUG org.springframework.test.context.support.AbstractContextLoader - Did not detect default resource location for test class [com.pongdong.book.springboot.web.HelloControllerTest]: class path resource [com/pongdong/book/springboot/web/HelloControllerTest-context.xml] does not exist
09:53:17.096 [Test worker] DEBUG org.springframework.test.context.support.AbstractContextLoader - Did not detect default resource location for test class [com.pongdong.book.springboot.web.HelloControllerTest]: class path resource [com/pongdong/book/springboot/web/HelloControllerTestContext.groovy] does not exist
09:53:17.096 [Test worker] INFO org.springframework.test.context.support.AbstractContextLoader - Could not detect default resource locations for test class [com.pongdong.book.springboot.web.HelloControllerTest]: no resource found for suffixes {-context.xml, Context.groovy}.
09:53:17.101 [Test worker] INFO org.springframework.test.context.support.AnnotationConfigContextLoaderUtils - Could not detect default configuration classes for test class [com.pongdong.book.springboot.web.HelloControllerTest]: HelloControllerTest does not declare any static, non-private, non-final, nested classes annotated with @Configuration.
09:53:17.199 [Test worker] DEBUG org.springframework.test.context.support.ActiveProfilesUtils - Could not find an 'annotation declaring class' for annotation type [org.springframework.test.context.ActiveProfiles] and class [com.pongdong.book.springboot.web.HelloControllerTest]
09:53:17.277 [Test worker] DEBUG org.springframework.context.annotation.ClassPathScanningCandidateComponentProvider - Identified candidate component class: file [C:\s\freelec-springboot-webservice\build\classes\java\main\com\pongdong\book\springboot\Application.class]
09:53:17.279 [Test worker] INFO org.springframework.boot.test.context.SpringBootTestContextBootstrapper - Found @SpringBootConfiguration com.pongdong.book.springboot.Application for test class com.pongdong.book.springboot.web.HelloControllerTest
09:53:17.281 [Test worker] DEBUG org.springframework.boot.test.autoconfigure.web.servlet.WebMvcTestContextBootstrapper - @TestExecutionListeners is not present for class [com.pongdong.book.springboot.web.HelloControllerTest]: using defaults.
09:53:17.282 [Test worker] INFO org.springframework.boot.test.autoconfigure.web.servlet.WebMvcTestContextBootstrapper - Loaded default TestExecutionListener class names from location [META-INF/spring.factories]: [org.springframework.security.test.context.support.WithSecurityContextTestExecutionListener, org.springframework.security.test.context.support.ReactorContextTestExecutionListener, org.springframework.boot.test.autoconfigure.restdocs.RestDocsTestExecutionListener, org.springframework.boot.test.autoconfigure.web.client.MockRestServiceServerResetTestExecutionListener, org.springframework.boot.test.autoconfigure.web.servlet.MockMvcPrintOnlyOnFailureTestExecutionListener, org.springframework.boot.test.autoconfigure.web.servlet.WebDriverTestExecutionListener, org.springframework.boot.test.mock.mockito.MockitoTestExecutionListener, org.springframework.boot.test.mock.mockito.ResetMocksTestExecutionListener, org.springframework.test.context.web.ServletTestExecutionListener, org.springframework.test.context.support.DirtiesContextBeforeModesTestExecutionListener, org.springframework.test.context.support.DependencyInjectionTestExecutionListener, org.springframework.test.context.support.DirtiesContextTestExecutionListener, org.springframework.test.context.transaction.TransactionalTestExecutionListener, org.springframework.test.context.jdbc.SqlScriptsTestExecutionListener]
09:53:17.312 [Test worker] INFO org.springframework.boot.test.autoconfigure.web.servlet.WebMvcTestContextBootstrapper - Using TestExecutionListeners: [org.springframework.test.context.web.ServletTestExecutionListener@7d78db61, org.springframework.test.context.support.DirtiesContextBeforeModesTestExecutionListener@70e70f9f, org.springframework.boot.test.mock.mockito.MockitoTestExecutionListener@40e0fb2, org.springframework.boot.test.autoconfigure.SpringBootDependencyInjectionTestExecutionListener@fd5e82, org.springframework.test.context.support.DirtiesContextTestExecutionListener@3be52e2f, org.springframework.test.context.transaction.TransactionalTestExecutionListener@73b6553b, org.springframework.test.context.jdbc.SqlScriptsTestExecutionListener@7b1b760, org.springframework.security.test.context.support.WithSecurityContextTestExecutionListener@6d52f05a, org.springframework.security.test.context.support.ReactorContextTestExecutionListener@7f542f89, org.springframework.boot.test.autoconfigure.restdocs.RestDocsTestExecutionListener@3e8ab2d5, org.springframework.boot.test.autoconfigure.web.client.MockRestServiceServerResetTestExecutionListener@340a18d3, org.springframework.boot.test.autoconfigure.web.servlet.MockMvcPrintOnlyOnFailureTestExecutionListener@4ea0ee28, org.springframework.boot.test.autoconfigure.web.servlet.WebDriverTestExecutionListener@1056a812, org.springframework.boot.test.mock.mockito.ResetMocksTestExecutionListener@7ba1bcd7]
09:53:17.318 [Test worker] DEBUG org.springframework.test.context.support.AbstractDirtiesContextTestExecutionListener - Before test class: context [DefaultTestContext@efb39f8 testClass = HelloControllerTest, testInstance = [null], testMethod = [null], testException = [null], mergedContextConfiguration = [WebMergedContextConfiguration@5764857b testClass = HelloControllerTest, locations = '{}', classes = '{class com.pongdong.book.springboot.Application}', contextInitializerClasses = '[]', activeProfiles = '{}', propertySourceLocations = '{}', propertySourceProperties = '{org.springframework.boot.test.autoconfigure.web.servlet.WebMvcTestContextBootstrapper=true}', contextCustomizers = set[org.springframework.boot.test.autoconfigure.OverrideAutoConfigurationContextCustomizerFactory$DisableAutoConfigurationContextCustomizer@7d309066, org.springframework.boot.test.autoconfigure.filter.TypeExcludeFiltersContextCustomizer@e76cf016, org.springframework.boot.test.autoconfigure.properties.PropertyMappingContextCustomizer@b5ece998, org.springframework.boot.test.autoconfigure.web.servlet.WebDriverContextCustomizerFactory$Customizer@14ba2c0b, [ImportsContextCustomizer@36d547a key = [org.springframework.boot.autoconfigure.cache.CacheAutoConfiguration, org.springframework.boot.autoconfigure.context.MessageSourceAutoConfiguration, org.springframework.boot.autoconfigure.data.web.SpringDataWebAutoConfiguration, org.springframework.boot.autoconfigure.freemarker.FreeMarkerAutoConfiguration, org.springframework.boot.autoconfigure.groovy.template.GroovyTemplateAutoConfiguration, org.springframework.boot.autoconfigure.gson.GsonAutoConfiguration, org.springframework.boot.autoconfigure.hateoas.HypermediaAutoConfiguration, org.springframework.boot.autoconfigure.http.HttpMessageConvertersAutoConfiguration, org.springframework.boot.autoconfigure.jackson.JacksonAutoConfiguration, org.springframework.boot.autoconfigure.jsonb.JsonbAutoConfiguration, org.springframework.boot.autoconfigure.mustache.MustacheAutoConfiguration, org.springframework.boot.autoconfigure.task.TaskExecutionAutoConfiguration, org.springframework.boot.autoconfigure.thymeleaf.ThymeleafAutoConfiguration, org.springframework.boot.autoconfigure.validation.ValidationAutoConfiguration, org.springframework.boot.autoconfigure.web.servlet.error.ErrorMvcAutoConfiguration, org.springframework.boot.autoconfigure.web.servlet.WebMvcAutoConfiguration, org.springframework.boot.test.autoconfigure.web.servlet.MockMvcAutoConfiguration, org.springframework.boot.test.autoconfigure.web.servlet.MockMvcSecurityAutoConfiguration, org.springframework.boot.test.autoconfigure.web.servlet.MockMvcWebClientAutoConfiguration, org.springframework.boot.test.autoconfigure.web.servlet.MockMvcWebDriverAutoConfiguration]], org.springframework.boot.test.context.filter.ExcludeFilterContextCustomizer@101ac4fc, org.springframework.boot.test.json.DuplicateJsonObjectContextCustomizerFactory$DuplicateJsonObjectContextCustomizer@33d262a5, org.springframework.boot.test.mock.mockito.MockitoContextCustomizer@0], resourceBasePath = 'src/main/webapp', contextLoader = 'org.springframework.boot.test.context.SpringBootContextLoader', parent = [null]], attributes = map[[empty]]], class annotated with @DirtiesContext [false] with mode [null].
09:53:17.324 [Test worker] DEBUG org.springframework.test.context.support.DependencyInjectionTestExecutionListener - Performing dependency injection for test context [[DefaultTestContext@efb39f8 testClass = HelloControllerTest, testInstance = com.pongdong.book.springboot.web.HelloControllerTest@19462d98, testMethod = [null], testException = [null], mergedContextConfiguration = [WebMergedContextConfiguration@5764857b testClass = HelloControllerTest, locations = '{}', classes = '{class com.pongdong.book.springboot.Application}', contextInitializerClasses = '[]', activeProfiles = '{}', propertySourceLocations = '{}', propertySourceProperties = '{org.springframework.boot.test.autoconfigure.web.servlet.WebMvcTestContextBootstrapper=true}', contextCustomizers = set[org.springframework.boot.test.autoconfigure.OverrideAutoConfigurationContextCustomizerFactory$DisableAutoConfigurationContextCustomizer@7d309066, org.springframework.boot.test.autoconfigure.filter.TypeExcludeFiltersContextCustomizer@e76cf016, org.springframework.boot.test.autoconfigure.properties.PropertyMappingContextCustomizer@b5ece998, org.springframework.boot.test.autoconfigure.web.servlet.WebDriverContextCustomizerFactory$Customizer@14ba2c0b, [ImportsContextCustomizer@36d547a key = [org.springframework.boot.autoconfigure.cache.CacheAutoConfiguration, org.springframework.boot.autoconfigure.context.MessageSourceAutoConfiguration, org.springframework.boot.autoconfigure.data.web.SpringDataWebAutoConfiguration, org.springframework.boot.autoconfigure.freemarker.FreeMarkerAutoConfiguration, org.springframework.boot.autoconfigure.groovy.template.GroovyTemplateAutoConfiguration, org.springframework.boot.autoconfigure.gson.GsonAutoConfiguration, org.springframework.boot.autoconfigure.hateoas.HypermediaAutoConfiguration, org.springframework.boot.autoconfigure.http.HttpMessageConvertersAutoConfiguration, org.springframework.boot.autoconfigure.jackson.JacksonAutoConfiguration, org.springframework.boot.autoconfigure.jsonb.JsonbAutoConfiguration, org.springframework.boot.autoconfigure.mustache.MustacheAutoConfiguration, org.springframework.boot.autoconfigure.task.TaskExecutionAutoConfiguration, org.springframework.boot.autoconfigure.thymeleaf.ThymeleafAutoConfiguration, org.springframework.boot.autoconfigure.validation.ValidationAutoConfiguration, org.springframework.boot.autoconfigure.web.servlet.error.ErrorMvcAutoConfiguration, org.springframework.boot.autoconfigure.web.servlet.WebMvcAutoConfiguration, org.springframework.boot.test.autoconfigure.web.servlet.MockMvcAutoConfiguration, org.springframework.boot.test.autoconfigure.web.servlet.MockMvcSecurityAutoConfiguration, org.springframework.boot.test.autoconfigure.web.servlet.MockMvcWebClientAutoConfiguration, org.springframework.boot.test.autoconfigure.web.servlet.MockMvcWebDriverAutoConfiguration]], org.springframework.boot.test.context.filter.ExcludeFilterContextCustomizer@101ac4fc, org.springframework.boot.test.json.DuplicateJsonObjectContextCustomizerFactory$DuplicateJsonObjectContextCustomizer@33d262a5, org.springframework.boot.test.mock.mockito.MockitoContextCustomizer@0], resourceBasePath = 'src/main/webapp', contextLoader = 'org.springframework.boot.test.context.SpringBootContextLoader', parent = [null]], attributes = map[[empty]]]].
09:53:17.486 [Test worker] DEBUG org.springframework.test.context.support.TestPropertySourceUtils - Adding inlined properties to environment: {spring.jmx.enabled=false, org.springframework.boot.test.autoconfigure.web.servlet.WebMvcTestContextBootstrapper=true, server.port=-1}

  .   ____          _            __ _ _
 /\\ / ___'_ __ _ _(_)_ __  __ _ \ \ \ \
( ( )\___ | '_ | '_| | '_ \/ _` | \ \ \ \
 \\/  ___)| |_)| | | | | || (_| |  ) ) ) )
  '  |____| .__|_| |_|_| |_\__, | / / / /
 =========|_|==============|___/=/_/_/_/
 :: Spring Boot ::        (v2.1.7.RELEASE)

2021-11-30 09:53:17.901  INFO 20212 --- [    Test worker] c.p.b.s.web.HelloControllerTest          : Starting HelloControllerTest on LAPTOP-KJK6C5MT with PID 20212 (started by haksa in C:\s\freelec-springboot-webservice)
2021-11-30 09:53:17.904  INFO 20212 --- [    Test worker] c.p.b.s.web.HelloControllerTest          : No active profile set, falling back to default profiles: default
2021-11-30 09:53:19.590  INFO 20212 --- [    Test worker] o.s.s.concurrent.ThreadPoolTaskExecutor  : Initializing ExecutorService 'applicationTaskExecutor'
2021-11-30 09:53:19.700  INFO 20212 --- [    Test worker] o.s.b.a.w.s.WelcomePageHandlerMapping    : Adding welcome page template: index
2021-11-30 09:53:20.122  INFO 20212 --- [    Test worker] .s.s.UserDetailsServiceAutoConfiguration : 

Using generated security password: 12b101ba-940c-4d2f-8b18-2bbd30b808cb

2021-11-30 09:53:20.426  INFO 20212 --- [    Test worker] o.s.s.web.DefaultSecurityFilterChain     : Creating filter chain: any request, [org.springframework.security.web.context.request.async.WebAsyncManagerIntegrationFilter@cca9931, org.springframework.security.web.context.SecurityContextPersistenceFilter@44bbf24f, org.springframework.security.web.header.HeaderWriterFilter@41563072, org.springframework.security.web.csrf.CsrfFilter@28c09f08, org.springframework.security.web.authentication.logout.LogoutFilter@724360a1, org.springframework.security.web.authentication.UsernamePasswordAuthenticationFilter@241867d9, org.springframework.security.web.authentication.ui.DefaultLoginPageGeneratingFilter@65087a5d, org.springframework.security.web.authentication.ui.DefaultLogoutPageGeneratingFilter@7550fe08, org.springframework.security.web.authentication.www.BasicAuthenticationFilter@2c4fb332, org.springframework.security.web.savedrequest.RequestCacheAwareFilter@342c0c38, org.springframework.security.web.servletapi.SecurityContextHolderAwareRequestFilter@479451ad, org.springframework.security.web.authentication.AnonymousAuthenticationFilter@61534935, org.springframework.security.web.session.SessionManagementFilter@44bdd4c7, org.springframework.security.web.access.ExceptionTranslationFilter@36569589, org.springframework.security.web.access.intercept.FilterSecurityInterceptor@b4e4957]
2021-11-30 09:53:20.498  INFO 20212 --- [    Test worker] o.s.b.t.m.w.SpringBootMockServletContext : Initializing Spring TestDispatcherServlet ''
2021-11-30 09:53:20.498  INFO 20212 --- [    Test worker] o.s.t.web.servlet.TestDispatcherServlet  : Initializing Servlet ''
2021-11-30 09:53:20.517  INFO 20212 --- [    Test worker] o.s.t.web.servlet.TestDispatcherServlet  : Completed initialization in 18 ms
2021-11-30 09:53:20.575  INFO 20212 --- [    Test worker] c.p.b.s.web.HelloControllerTest          : Started HelloControllerTest in 3.071 seconds (JVM running for 5.025)
]]></system-out>
  <system-err><![CDATA[]]></system-err>
</testsuite>
