<?xml version="1.0" encoding="UTF-8"?>
<testsuite name="com.pongdong.book.springboot.web.domain.posts.PostsRepositoryTest" tests="2" skipped="0" failures="0" errors="0" timestamp="2021-12-02T00:05:45" hostname="LAPTOP-KJK6C5MT" time="0.367">
  <properties/>
  <testcase name="게시글저장_불러오기()" classname="com.pongdong.book.springboot.web.domain.posts.PostsRepositoryTest" time="0.351"/>
  <testcase name="BaseTimeEntity_등록()" classname="com.pongdong.book.springboot.web.domain.posts.PostsRepositoryTest" time="0.015"/>
  <system-out><![CDATA[09:05:38.266 [Test worker] DEBUG org.springframework.test.context.BootstrapUtils - Instantiating CacheAwareContextLoaderDelegate from class [org.springframework.test.context.cache.DefaultCacheAwareContextLoaderDelegate]
09:05:38.284 [Test worker] DEBUG org.springframework.test.context.BootstrapUtils - Instantiating BootstrapContext using constructor [public org.springframework.test.context.support.DefaultBootstrapContext(java.lang.Class,org.springframework.test.context.CacheAwareContextLoaderDelegate)]
09:05:38.323 [Test worker] DEBUG org.springframework.test.context.BootstrapUtils - Instantiating TestContextBootstrapper for test class [com.pongdong.book.springboot.web.domain.posts.PostsRepositoryTest] from class [org.springframework.boot.test.context.SpringBootTestContextBootstrapper]
09:05:38.340 [Test worker] INFO org.springframework.boot.test.context.SpringBootTestContextBootstrapper - Neither @ContextConfiguration nor @ContextHierarchy found for test class [com.pongdong.book.springboot.web.domain.posts.PostsRepositoryTest], using SpringBootContextLoader
09:05:38.345 [Test worker] DEBUG org.springframework.test.context.support.AbstractContextLoader - Did not detect default resource location for test class [com.pongdong.book.springboot.web.domain.posts.PostsRepositoryTest]: class path resource [com/pongdong/book/springboot/web/domain/posts/PostsRepositoryTest-context.xml] does not exist
09:05:38.346 [Test worker] DEBUG org.springframework.test.context.support.AbstractContextLoader - Did not detect default resource location for test class [com.pongdong.book.springboot.web.domain.posts.PostsRepositoryTest]: class path resource [com/pongdong/book/springboot/web/domain/posts/PostsRepositoryTestContext.groovy] does not exist
09:05:38.346 [Test worker] INFO org.springframework.test.context.support.AbstractContextLoader - Could not detect default resource locations for test class [com.pongdong.book.springboot.web.domain.posts.PostsRepositoryTest]: no resource found for suffixes {-context.xml, Context.groovy}.
09:05:38.347 [Test worker] INFO org.springframework.test.context.support.AnnotationConfigContextLoaderUtils - Could not detect default configuration classes for test class [com.pongdong.book.springboot.web.domain.posts.PostsRepositoryTest]: PostsRepositoryTest does not declare any static, non-private, non-final, nested classes annotated with @Configuration.
09:05:38.403 [Test worker] DEBUG org.springframework.test.context.support.ActiveProfilesUtils - Could not find an 'annotation declaring class' for annotation type [org.springframework.test.context.ActiveProfiles] and class [com.pongdong.book.springboot.web.domain.posts.PostsRepositoryTest]
09:05:38.494 [Test worker] DEBUG org.springframework.context.annotation.ClassPathScanningCandidateComponentProvider - Identified candidate component class: file [C:\s\freelec-springboot-webservice\build\classes\java\main\com\pongdong\book\springboot\Application.class]
09:05:38.496 [Test worker] INFO org.springframework.boot.test.context.SpringBootTestContextBootstrapper - Found @SpringBootConfiguration com.pongdong.book.springboot.Application for test class com.pongdong.book.springboot.web.domain.posts.PostsRepositoryTest
09:05:38.621 [Test worker] DEBUG org.springframework.boot.test.context.SpringBootTestContextBootstrapper - @TestExecutionListeners is not present for class [com.pongdong.book.springboot.web.domain.posts.PostsRepositoryTest]: using defaults.
09:05:38.622 [Test worker] INFO org.springframework.boot.test.context.SpringBootTestContextBootstrapper - Loaded default TestExecutionListener class names from location [META-INF/spring.factories]: [org.springframework.security.test.context.support.WithSecurityContextTestExecutionListener, org.springframework.security.test.context.support.ReactorContextTestExecutionListener, org.springframework.boot.test.autoconfigure.restdocs.RestDocsTestExecutionListener, org.springframework.boot.test.autoconfigure.web.client.MockRestServiceServerResetTestExecutionListener, org.springframework.boot.test.autoconfigure.web.servlet.MockMvcPrintOnlyOnFailureTestExecutionListener, org.springframework.boot.test.autoconfigure.web.servlet.WebDriverTestExecutionListener, org.springframework.boot.test.autoconfigure.webservices.client.MockWebServiceServerTestExecutionListener, org.springframework.boot.test.mock.mockito.MockitoTestExecutionListener, org.springframework.boot.test.mock.mockito.ResetMocksTestExecutionListener, org.springframework.test.context.web.ServletTestExecutionListener, org.springframework.test.context.support.DirtiesContextBeforeModesTestExecutionListener, org.springframework.test.context.support.DependencyInjectionTestExecutionListener, org.springframework.test.context.support.DirtiesContextTestExecutionListener, org.springframework.test.context.transaction.TransactionalTestExecutionListener, org.springframework.test.context.jdbc.SqlScriptsTestExecutionListener, org.springframework.test.context.event.EventPublishingTestExecutionListener]
09:05:38.651 [Test worker] INFO org.springframework.boot.test.context.SpringBootTestContextBootstrapper - Using TestExecutionListeners: [org.springframework.test.context.web.ServletTestExecutionListener@7ebe80ca, org.springframework.test.context.support.DirtiesContextBeforeModesTestExecutionListener@7783fc05, org.springframework.boot.test.mock.mockito.MockitoTestExecutionListener@52b37a8e, org.springframework.boot.test.autoconfigure.SpringBootDependencyInjectionTestExecutionListener@5bdb0c76, org.springframework.test.context.support.DirtiesContextTestExecutionListener@51e96f17, org.springframework.test.context.transaction.TransactionalTestExecutionListener@3962c2fb, org.springframework.test.context.jdbc.SqlScriptsTestExecutionListener@70cca853, org.springframework.security.test.context.support.WithSecurityContextTestExecutionListener@73f7b280, org.springframework.test.context.event.EventPublishingTestExecutionListener@69fcfa3e, org.springframework.security.test.context.support.ReactorContextTestExecutionListener@46a688e0, org.springframework.boot.test.autoconfigure.restdocs.RestDocsTestExecutionListener@53bd2e57, org.springframework.boot.test.autoconfigure.web.client.MockRestServiceServerResetTestExecutionListener@1d10f512, org.springframework.boot.test.autoconfigure.web.servlet.MockMvcPrintOnlyOnFailureTestExecutionListener@1333c184, org.springframework.boot.test.autoconfigure.web.servlet.WebDriverTestExecutionListener@6120ba8a, org.springframework.boot.test.autoconfigure.webservices.client.MockWebServiceServerTestExecutionListener@5b55ef6f, org.springframework.boot.test.mock.mockito.ResetMocksTestExecutionListener@41f72972]
09:05:38.656 [Test worker] DEBUG org.springframework.test.context.support.AbstractDirtiesContextTestExecutionListener - Before test class: context [DefaultTestContext@17a739ef testClass = PostsRepositoryTest, testInstance = [null], testMethod = [null], testException = [null], mergedContextConfiguration = [WebMergedContextConfiguration@7f3f281d testClass = PostsRepositoryTest, locations = '{}', classes = '{class com.pongdong.book.springboot.Application}', contextInitializerClasses = '[]', activeProfiles = '{}', propertySourceLocations = '{}', propertySourceProperties = '{org.springframework.boot.test.context.SpringBootTestContextBootstrapper=true}', contextCustomizers = set[org.springframework.boot.test.autoconfigure.actuate.metrics.MetricsExportContextCustomizerFactory$DisableMetricExportContextCustomizer@3ebd27ac, org.springframework.boot.test.autoconfigure.properties.PropertyMappingContextCustomizer@0, org.springframework.boot.test.autoconfigure.web.servlet.WebDriverContextCustomizerFactory$Customizer@79609d46, org.springframework.boot.test.context.filter.ExcludeFilterContextCustomizer@5cfb433d, org.springframework.boot.test.json.DuplicateJsonObjectContextCustomizerFactory$DuplicateJsonObjectContextCustomizer@7d3b7c38, org.springframework.boot.test.mock.mockito.MockitoContextCustomizer@0, org.springframework.boot.test.web.client.TestRestTemplateContextCustomizer@7b5d1d2a, org.springframework.boot.test.context.SpringBootTestArgs@1, org.springframework.boot.test.context.SpringBootTestWebEnvironment@359c826e], resourceBasePath = 'src/main/webapp', contextLoader = 'org.springframework.boot.test.context.SpringBootContextLoader', parent = [null]], attributes = map['org.springframework.test.context.web.ServletTestExecutionListener.activateListener' -> true]], class annotated with @DirtiesContext [false] with mode [null].
09:05:38.697 [Test worker] DEBUG org.springframework.test.context.support.TestPropertySourceUtils - Adding inlined properties to environment: {spring.jmx.enabled=false, org.springframework.boot.test.context.SpringBootTestContextBootstrapper=true}

  .   ____          _            __ _ _
 /\\ / ___'_ __ _ _(_)_ __  __ _ \ \ \ \
( ( )\___ | '_ | '_| | '_ \/ _` | \ \ \ \
 \\/  ___)| |_)| | | | | || (_| |  ) ) ) )
  '  |____| .__|_| |_|_| |_\__, | / / / /
 =========|_|==============|___/=/_/_/_/
 :: Spring Boot ::                (v2.4.1)

2021-12-02 09:05:39.056  INFO 3908 --- [    Test worker] c.p.b.s.w.d.posts.PostsRepositoryTest    : Starting PostsRepositoryTest using Java 1.8.0_291 on LAPTOP-KJK6C5MT with PID 3908 (started by haksa in C:\s\freelec-springboot-webservice)
2021-12-02 09:05:39.057  INFO 3908 --- [    Test worker] c.p.b.s.w.d.posts.PostsRepositoryTest    : The following profiles are active: oauth
2021-12-02 09:05:39.955  INFO 3908 --- [    Test worker] .s.d.r.c.RepositoryConfigurationDelegate : Bootstrapping Spring Data JPA repositories in DEFAULT mode.
2021-12-02 09:05:40.046  INFO 3908 --- [    Test worker] .s.d.r.c.RepositoryConfigurationDelegate : Finished Spring Data repository scanning in 81 ms. Found 2 JPA repository interfaces.
2021-12-02 09:05:40.913  INFO 3908 --- [    Test worker] com.zaxxer.hikari.HikariDataSource       : HikariPool-1 - Starting...
2021-12-02 09:05:41.128  INFO 3908 --- [    Test worker] com.zaxxer.hikari.HikariDataSource       : HikariPool-1 - Start completed.
2021-12-02 09:05:41.224  INFO 3908 --- [    Test worker] o.hibernate.jpa.internal.util.LogHelper  : HHH000204: Processing PersistenceUnitInfo [name: default]
2021-12-02 09:05:41.322  INFO 3908 --- [    Test worker] org.hibernate.Version                    : HHH000412: Hibernate ORM core version 5.4.25.Final
2021-12-02 09:05:41.558  INFO 3908 --- [    Test worker] o.hibernate.annotations.common.Version   : HCANN000001: Hibernate Commons Annotations {5.1.2.Final}
2021-12-02 09:05:41.758  INFO 3908 --- [    Test worker] org.hibernate.dialect.Dialect            : HHH000400: Using dialect: org.hibernate.dialect.MySQL57Dialect
2021-12-02 09:05:42.654  INFO 3908 --- [    Test worker] o.h.e.t.j.p.i.JtaPlatformInitiator       : HHH000490: Using JtaPlatform implementation: [org.hibernate.engine.transaction.jta.platform.internal.NoJtaPlatform]
2021-12-02 09:05:42.665  INFO 3908 --- [    Test worker] j.LocalContainerEntityManagerFactoryBean : Initialized JPA EntityManagerFactory for persistence unit 'default'
2021-12-02 09:05:44.158  INFO 3908 --- [    Test worker] o.s.s.web.DefaultSecurityFilterChain     : Will secure any request with [org.springframework.security.web.context.request.async.WebAsyncManagerIntegrationFilter@507cd3e9, org.springframework.security.web.context.SecurityContextPersistenceFilter@51a45405, org.springframework.security.web.header.HeaderWriterFilter@777128d2, org.springframework.security.web.authentication.logout.LogoutFilter@5985562f, org.springframework.security.oauth2.client.web.OAuth2AuthorizationRequestRedirectFilter@315342a7, org.springframework.security.oauth2.client.web.OAuth2LoginAuthenticationFilter@1aa7cf31, org.springframework.security.web.authentication.ui.DefaultLoginPageGeneratingFilter@4c3e70c6, org.springframework.security.web.authentication.ui.DefaultLogoutPageGeneratingFilter@4ccdddaa, org.springframework.security.web.savedrequest.RequestCacheAwareFilter@29f0391d, org.springframework.security.web.servletapi.SecurityContextHolderAwareRequestFilter@3dfe1831, org.springframework.security.web.authentication.AnonymousAuthenticationFilter@15f87880, org.springframework.security.web.session.SessionManagementFilter@405fbb9, org.springframework.security.web.access.ExceptionTranslationFilter@269af8c, org.springframework.security.web.access.intercept.FilterSecurityInterceptor@e72d757]
2021-12-02 09:05:44.704  INFO 3908 --- [    Test worker] o.s.s.concurrent.ThreadPoolTaskExecutor  : Initializing ExecutorService 'applicationTaskExecutor'
2021-12-02 09:05:44.840  INFO 3908 --- [    Test worker] o.s.b.a.w.s.WelcomePageHandlerMapping    : Adding welcome page template: index
2021-12-02 09:05:45.387  INFO 3908 --- [    Test worker] s.a.ScheduledAnnotationBeanPostProcessor : No TaskScheduler/ScheduledExecutorService bean found for scheduled processing
2021-12-02 09:05:45.402  INFO 3908 --- [    Test worker] c.p.b.s.w.d.posts.PostsRepositoryTest    : Started PostsRepositoryTest in 6.696 seconds (JVM running for 8.434)
>>>>>>>> createDate=2021-12-02T09:05:45.784, modifiedDate=2021-12-02T09:05:45.784
]]></system-out>
  <system-err><![CDATA[]]></system-err>
</testsuite>
