<?xml version="1.0" encoding="UTF-8"?>
<testsuite name="com.pongdong.book.springboot.web.dto.HelloResponseDtoTest" tests="1" skipped="0" failures="0" errors="0" timestamp="2021-12-02T00:05:45" hostname="LAPTOP-KJK6C5MT" time="0.004">
  <properties/>
  <testcase name="롬복_기능_테스트()" classname="com.pongdong.book.springboot.web.dto.HelloResponseDtoTest" time="0.004"/>
  <system-out><![CDATA[]]></system-out>
  <system-err><![CDATA[]]></system-err>
</testsuite>
