<?xml version="1.0" encoding="UTF-8"?>
<testsuite name="com.pongdong.book.springboot.web.IndexControllerTest" tests="1" skipped="0" failures="0" errors="0" timestamp="2021-12-02T00:05:49" hostname="LAPTOP-KJK6C5MT" time="0.212">
  <properties/>
  <testcase name="메인페이지_로딩()" classname="com.pongdong.book.springboot.web.IndexControllerTest" time="0.212"/>
  <system-out><![CDATA[2021-12-02 09:05:47.001  INFO 3908 --- [    Test worker] .b.t.c.SpringBootTestContextBootstrapper : Neither @ContextConfiguration nor @ContextHierarchy found for test class [com.pongdong.book.springboot.web.IndexControllerTest], using SpringBootContextLoader
2021-12-02 09:05:47.003  INFO 3908 --- [    Test worker] o.s.t.c.support.AbstractContextLoader    : Could not detect default resource locations for test class [com.pongdong.book.springboot.web.IndexControllerTest]: no resource found for suffixes {-context.xml, Context.groovy}.
2021-12-02 09:05:47.003  INFO 3908 --- [    Test worker] t.c.s.AnnotationConfigContextLoaderUtils : Could not detect default configuration classes for test class [com.pongdong.book.springboot.web.IndexControllerTest]: IndexControllerTest does not declare any static, non-private, non-final, nested classes annotated with @Configuration.
2021-12-02 09:05:47.006  INFO 3908 --- [    Test worker] .b.t.c.SpringBootTestContextBootstrapper : Found @SpringBootConfiguration com.pongdong.book.springboot.Application for test class com.pongdong.book.springboot.web.IndexControllerTest
2021-12-02 09:05:47.009  INFO 3908 --- [    Test worker] .b.t.c.SpringBootTestContextBootstrapper : Loaded default TestExecutionListener class names from location [META-INF/spring.factories]: [org.springframework.security.test.context.support.WithSecurityContextTestExecutionListener, org.springframework.security.test.context.support.ReactorContextTestExecutionListener, org.springframework.boot.test.autoconfigure.restdocs.RestDocsTestExecutionListener, org.springframework.boot.test.autoconfigure.web.client.MockRestServiceServerResetTestExecutionListener, org.springframework.boot.test.autoconfigure.web.servlet.MockMvcPrintOnlyOnFailureTestExecutionListener, org.springframework.boot.test.autoconfigure.web.servlet.WebDriverTestExecutionListener, org.springframework.boot.test.autoconfigure.webservices.client.MockWebServiceServerTestExecutionListener, org.springframework.boot.test.mock.mockito.MockitoTestExecutionListener, org.springframework.boot.test.mock.mockito.ResetMocksTestExecutionListener, org.springframework.test.context.web.ServletTestExecutionListener, org.springframework.test.context.support.DirtiesContextBeforeModesTestExecutionListener, org.springframework.test.context.support.DependencyInjectionTestExecutionListener, org.springframework.test.context.support.DirtiesContextTestExecutionListener, org.springframework.test.context.transaction.TransactionalTestExecutionListener, org.springframework.test.context.jdbc.SqlScriptsTestExecutionListener, org.springframework.test.context.event.EventPublishingTestExecutionListener]
2021-12-02 09:05:47.011  INFO 3908 --- [    Test worker] .b.t.c.SpringBootTestContextBootstrapper : Using TestExecutionListeners: [org.springframework.test.context.web.ServletTestExecutionListener@6d8aba3e, org.springframework.test.context.support.DirtiesContextBeforeModesTestExecutionListener@29a864fa, org.springframework.boot.test.mock.mockito.MockitoTestExecutionListener@1c6e2d30, org.springframework.boot.test.autoconfigure.SpringBootDependencyInjectionTestExecutionListener@2d0599bd, org.springframework.test.context.support.DirtiesContextTestExecutionListener@15e69d69, org.springframework.test.context.transaction.TransactionalTestExecutionListener@7f03a49b, org.springframework.test.context.jdbc.SqlScriptsTestExecutionListener@126901e6, org.springframework.security.test.context.support.WithSecurityContextTestExecutionListener@1320ba67, org.springframework.test.context.event.EventPublishingTestExecutionListener@320c70bf, org.springframework.security.test.context.support.ReactorContextTestExecutionListener@50493d19, org.springframework.boot.test.autoconfigure.restdocs.RestDocsTestExecutionListener@a7570c7, org.springframework.boot.test.autoconfigure.web.client.MockRestServiceServerResetTestExecutionListener@1c10106c, org.springframework.boot.test.autoconfigure.web.servlet.MockMvcPrintOnlyOnFailureTestExecutionListener@4d4812d9, org.springframework.boot.test.autoconfigure.web.servlet.WebDriverTestExecutionListener@54705f9c, org.springframework.boot.test.autoconfigure.webservices.client.MockWebServiceServerTestExecutionListener@75a2ee9d, org.springframework.boot.test.mock.mockito.ResetMocksTestExecutionListener@69ad0335]

  .   ____          _            __ _ _
 /\\ / ___'_ __ _ _(_)_ __  __ _ \ \ \ \
( ( )\___ | '_ | '_| | '_ \/ _` | \ \ \ \
 \\/  ___)| |_)| | | | | || (_| |  ) ) ) )
  '  |____| .__|_| |_|_| |_\__, | / / / /
 =========|_|==============|___/=/_/_/_/
 :: Spring Boot ::                (v2.4.1)

2021-12-02 09:05:47.058  INFO 3908 --- [    Test worker] c.p.b.s.web.IndexControllerTest          : Starting IndexControllerTest using Java 1.8.0_291 on LAPTOP-KJK6C5MT with PID 3908 (started by haksa in C:\s\freelec-springboot-webservice)
2021-12-02 09:05:47.058  INFO 3908 --- [    Test worker] c.p.b.s.web.IndexControllerTest          : The following profiles are active: oauth
2021-12-02 09:05:47.395  INFO 3908 --- [    Test worker] .s.d.r.c.RepositoryConfigurationDelegate : Bootstrapping Spring Data JPA repositories in DEFAULT mode.
2021-12-02 09:05:47.430  INFO 3908 --- [    Test worker] .s.d.r.c.RepositoryConfigurationDelegate : Finished Spring Data repository scanning in 32 ms. Found 2 JPA repository interfaces.
2021-12-02 09:05:47.877  INFO 3908 --- [    Test worker] o.s.b.w.embedded.tomcat.TomcatWebServer  : Tomcat initialized with port(s): 0 (http)
2021-12-02 09:05:47.891  INFO 3908 --- [    Test worker] o.apache.catalina.core.StandardService   : Starting service [Tomcat]
2021-12-02 09:05:47.891  INFO 3908 --- [    Test worker] org.apache.catalina.core.StandardEngine  : Starting Servlet engine: [Apache Tomcat/9.0.41]
2021-12-02 09:05:48.089  INFO 3908 --- [    Test worker] o.a.c.c.C.[Tomcat].[localhost].[/]       : Initializing Spring embedded WebApplicationContext
2021-12-02 09:05:48.089  INFO 3908 --- [    Test worker] w.s.c.ServletWebServerApplicationContext : Root WebApplicationContext: initialization completed in 1027 ms
2021-12-02 09:05:48.265  INFO 3908 --- [    Test worker] com.zaxxer.hikari.HikariDataSource       : HikariPool-2 - Starting...
2021-12-02 09:05:48.267  INFO 3908 --- [    Test worker] com.zaxxer.hikari.HikariDataSource       : HikariPool-2 - Start completed.
2021-12-02 09:05:48.299  INFO 3908 --- [    Test worker] o.hibernate.jpa.internal.util.LogHelper  : HHH000204: Processing PersistenceUnitInfo [name: default]
2021-12-02 09:05:48.306  INFO 3908 --- [    Test worker] org.hibernate.dialect.Dialect            : HHH000400: Using dialect: org.hibernate.dialect.MySQL57Dialect
2021-12-02 09:05:48.389  INFO 3908 --- [    Test worker] o.h.e.t.j.p.i.JtaPlatformInitiator       : HHH000490: Using JtaPlatform implementation: [org.hibernate.engine.transaction.jta.platform.internal.NoJtaPlatform]
2021-12-02 09:05:48.389  INFO 3908 --- [    Test worker] j.LocalContainerEntityManagerFactoryBean : Initialized JPA EntityManagerFactory for persistence unit 'default'
2021-12-02 09:05:48.998  INFO 3908 --- [    Test worker] o.s.s.web.DefaultSecurityFilterChain     : Will secure any request with [org.springframework.security.web.context.request.async.WebAsyncManagerIntegrationFilter@2755b6c, org.springframework.security.web.context.SecurityContextPersistenceFilter@9592dc5, org.springframework.security.web.header.HeaderWriterFilter@194d483, org.springframework.security.web.authentication.logout.LogoutFilter@1781dc4b, org.springframework.security.oauth2.client.web.OAuth2AuthorizationRequestRedirectFilter@521ac6ab, org.springframework.security.oauth2.client.web.OAuth2LoginAuthenticationFilter@383153ef, org.springframework.security.web.authentication.ui.DefaultLoginPageGeneratingFilter@4b82b343, org.springframework.security.web.authentication.ui.DefaultLogoutPageGeneratingFilter@460a1475, org.springframework.security.web.savedrequest.RequestCacheAwareFilter@7c3657b, org.springframework.security.web.servletapi.SecurityContextHolderAwareRequestFilter@20d489cc, org.springframework.security.web.authentication.AnonymousAuthenticationFilter@4221bd81, org.springframework.security.web.session.SessionManagementFilter@46a5a306, org.springframework.security.web.access.ExceptionTranslationFilter@7efe0d58, org.springframework.security.web.access.intercept.FilterSecurityInterceptor@33deeca3]
2021-12-02 09:05:49.102  INFO 3908 --- [    Test worker] o.s.s.concurrent.ThreadPoolTaskExecutor  : Initializing ExecutorService 'applicationTaskExecutor'
2021-12-02 09:05:49.131  INFO 3908 --- [    Test worker] o.s.b.a.w.s.WelcomePageHandlerMapping    : Adding welcome page template: index
2021-12-02 09:05:49.371  INFO 3908 --- [    Test worker] o.s.b.w.embedded.tomcat.TomcatWebServer  : Tomcat started on port(s): 53442 (http) with context path ''
2021-12-02 09:05:49.373  INFO 3908 --- [    Test worker] s.a.ScheduledAnnotationBeanPostProcessor : No TaskScheduler/ScheduledExecutorService bean found for scheduled processing
2021-12-02 09:05:49.374  INFO 3908 --- [    Test worker] c.p.b.s.web.IndexControllerTest          : Started IndexControllerTest in 2.359 seconds (JVM running for 12.405)
2021-12-02 09:05:49.481  INFO 3908 --- [o-auto-1-exec-1] o.a.c.c.C.[Tomcat].[localhost].[/]       : Initializing Spring DispatcherServlet 'dispatcherServlet'
2021-12-02 09:05:49.481  INFO 3908 --- [o-auto-1-exec-1] o.s.web.servlet.DispatcherServlet        : Initializing Servlet 'dispatcherServlet'
2021-12-02 09:05:49.482  INFO 3908 --- [o-auto-1-exec-1] o.s.web.servlet.DispatcherServlet        : Completed initialization in 1 ms
]]></system-out>
  <system-err><![CDATA[]]></system-err>
</testsuite>
