<?xml version="1.0" encoding="UTF-8"?>
<testsuite name="com.pongdong.book.springboot.web.domain.posts.PostsRepositoryTest" tests="2" skipped="0" failures="0" errors="0" timestamp="2021-12-01T05:24:03" hostname="LAPTOP-KJK6C5MT" time="0.053">
  <properties/>
  <testcase name="게시글저장_불러오기()" classname="com.pongdong.book.springboot.web.domain.posts.PostsRepositoryTest" time="0.033"/>
  <testcase name="BaseTimeEntity_등록()" classname="com.pongdong.book.springboot.web.domain.posts.PostsRepositoryTest" time="0.019"/>
  <system-out><![CDATA[2021-12-01 14:24:01.916  INFO 24816 --- [    Test worker] .b.t.c.SpringBootTestContextBootstrapper : Neither @ContextConfiguration nor @ContextHierarchy found for test class [com.pongdong.book.springboot.web.domain.posts.PostsRepositoryTest], using SpringBootContextLoader
2021-12-01 14:24:01.917  INFO 24816 --- [    Test worker] o.s.t.c.support.AbstractContextLoader    : Could not detect default resource locations for test class [com.pongdong.book.springboot.web.domain.posts.PostsRepositoryTest]: no resource found for suffixes {-context.xml, Context.groovy}.
2021-12-01 14:24:01.917  INFO 24816 --- [    Test worker] t.c.s.AnnotationConfigContextLoaderUtils : Could not detect default configuration classes for test class [com.pongdong.book.springboot.web.domain.posts.PostsRepositoryTest]: PostsRepositoryTest does not declare any static, non-private, non-final, nested classes annotated with @Configuration.
2021-12-01 14:24:01.936  INFO 24816 --- [    Test worker] .b.t.c.SpringBootTestContextBootstrapper : Found @SpringBootConfiguration com.pongdong.book.springboot.Application for test class com.pongdong.book.springboot.web.domain.posts.PostsRepositoryTest
2021-12-01 14:24:01.938  INFO 24816 --- [    Test worker] .b.t.c.SpringBootTestContextBootstrapper : Loaded default TestExecutionListener class names from location [META-INF/spring.factories]: [org.springframework.security.test.context.support.WithSecurityContextTestExecutionListener, org.springframework.security.test.context.support.ReactorContextTestExecutionListener, org.springframework.boot.test.autoconfigure.restdocs.RestDocsTestExecutionListener, org.springframework.boot.test.autoconfigure.web.client.MockRestServiceServerResetTestExecutionListener, org.springframework.boot.test.autoconfigure.web.servlet.MockMvcPrintOnlyOnFailureTestExecutionListener, org.springframework.boot.test.autoconfigure.web.servlet.WebDriverTestExecutionListener, org.springframework.boot.test.autoconfigure.webservices.client.MockWebServiceServerTestExecutionListener, org.springframework.boot.test.mock.mockito.MockitoTestExecutionListener, org.springframework.boot.test.mock.mockito.ResetMocksTestExecutionListener, org.springframework.test.context.web.ServletTestExecutionListener, org.springframework.test.context.support.DirtiesContextBeforeModesTestExecutionListener, org.springframework.test.context.support.DependencyInjectionTestExecutionListener, org.springframework.test.context.support.DirtiesContextTestExecutionListener, org.springframework.test.context.transaction.TransactionalTestExecutionListener, org.springframework.test.context.jdbc.SqlScriptsTestExecutionListener, org.springframework.test.context.event.EventPublishingTestExecutionListener]
2021-12-01 14:24:01.939  INFO 24816 --- [    Test worker] .b.t.c.SpringBootTestContextBootstrapper : Using TestExecutionListeners: [org.springframework.test.context.web.ServletTestExecutionListener@7d689803, org.springframework.test.context.support.DirtiesContextBeforeModesTestExecutionListener@3cb96a97, org.springframework.boot.test.mock.mockito.MockitoTestExecutionListener@7c442c8b, org.springframework.boot.test.autoconfigure.SpringBootDependencyInjectionTestExecutionListener@32b87483, org.springframework.test.context.support.DirtiesContextTestExecutionListener@ba94a57, org.springframework.test.context.transaction.TransactionalTestExecutionListener@7cb37467, org.springframework.test.context.jdbc.SqlScriptsTestExecutionListener@214e3f0e, org.springframework.security.test.context.support.WithSecurityContextTestExecutionListener@50234bc8, org.springframework.test.context.event.EventPublishingTestExecutionListener@11994869, org.springframework.security.test.context.support.ReactorContextTestExecutionListener@76ee1671, org.springframework.boot.test.autoconfigure.restdocs.RestDocsTestExecutionListener@2608e1ed, org.springframework.boot.test.autoconfigure.web.client.MockRestServiceServerResetTestExecutionListener@6c3f93ef, org.springframework.boot.test.autoconfigure.web.servlet.MockMvcPrintOnlyOnFailureTestExecutionListener@373e4401, org.springframework.boot.test.autoconfigure.web.servlet.WebDriverTestExecutionListener@31659109, org.springframework.boot.test.autoconfigure.webservices.client.MockWebServiceServerTestExecutionListener@50030941, org.springframework.boot.test.mock.mockito.ResetMocksTestExecutionListener@40335845]

  .   ____          _            __ _ _
 /\\ / ___'_ __ _ _(_)_ __  __ _ \ \ \ \
( ( )\___ | '_ | '_| | '_ \/ _` | \ \ \ \
 \\/  ___)| |_)| | | | | || (_| |  ) ) ) )
  '  |____| .__|_| |_|_| |_\__, | / / / /
 =========|_|==============|___/=/_/_/_/
 :: Spring Boot ::                (v2.4.1)

2021-12-01 14:24:01.971  INFO 24816 --- [    Test worker] c.p.b.s.w.d.posts.PostsRepositoryTest    : Starting PostsRepositoryTest using Java 1.8.0_291 on LAPTOP-KJK6C5MT with PID 24816 (started by haksa in C:\s\freelec-springboot-webservice)
2021-12-01 14:24:01.971  INFO 24816 --- [    Test worker] c.p.b.s.w.d.posts.PostsRepositoryTest    : The following profiles are active: oauth
2021-12-01 14:24:02.213  INFO 24816 --- [    Test worker] .s.d.r.c.RepositoryConfigurationDelegate : Bootstrapping Spring Data JPA repositories in DEFAULT mode.
2021-12-01 14:24:02.244  INFO 24816 --- [    Test worker] .s.d.r.c.RepositoryConfigurationDelegate : Finished Spring Data repository scanning in 30 ms. Found 2 JPA repository interfaces.
2021-12-01 14:24:02.435  INFO 24816 --- [    Test worker] com.zaxxer.hikari.HikariDataSource       : HikariPool-2 - Starting...
2021-12-01 14:24:02.436  INFO 24816 --- [    Test worker] com.zaxxer.hikari.HikariDataSource       : HikariPool-2 - Start completed.
2021-12-01 14:24:02.455  INFO 24816 --- [    Test worker] o.hibernate.jpa.internal.util.LogHelper  : HHH000204: Processing PersistenceUnitInfo [name: default]
2021-12-01 14:24:02.461  INFO 24816 --- [    Test worker] org.hibernate.dialect.Dialect            : HHH000400: Using dialect: org.hibernate.dialect.MySQL57Dialect
2021-12-01 14:24:02.510  INFO 24816 --- [    Test worker] o.h.e.t.j.p.i.JtaPlatformInitiator       : HHH000490: Using JtaPlatform implementation: [org.hibernate.engine.transaction.jta.platform.internal.NoJtaPlatform]
2021-12-01 14:24:02.510  INFO 24816 --- [    Test worker] j.LocalContainerEntityManagerFactoryBean : Initialized JPA EntityManagerFactory for persistence unit 'default'
2021-12-01 14:24:02.849  INFO 24816 --- [    Test worker] o.s.s.web.DefaultSecurityFilterChain     : Will secure any request with [org.springframework.security.web.context.request.async.WebAsyncManagerIntegrationFilter@2d0b1c87, org.springframework.security.web.context.SecurityContextPersistenceFilter@5cd3d98d, org.springframework.security.web.header.HeaderWriterFilter@3515bdc9, org.springframework.security.web.authentication.logout.LogoutFilter@4bc5337c, org.springframework.security.oauth2.client.web.OAuth2AuthorizationRequestRedirectFilter@6339ad7e, org.springframework.security.oauth2.client.web.OAuth2LoginAuthenticationFilter@4d0c1586, org.springframework.security.web.authentication.ui.DefaultLoginPageGeneratingFilter@5851da8b, org.springframework.security.web.authentication.ui.DefaultLogoutPageGeneratingFilter@5b84e214, org.springframework.security.web.savedrequest.RequestCacheAwareFilter@42e26f57, org.springframework.security.web.servletapi.SecurityContextHolderAwareRequestFilter@5a816937, org.springframework.security.web.authentication.AnonymousAuthenticationFilter@75f8f647, org.springframework.security.web.session.SessionManagementFilter@10024a16, org.springframework.security.web.access.ExceptionTranslationFilter@763d1242, org.springframework.security.web.access.intercept.FilterSecurityInterceptor@166c02b0]
2021-12-01 14:24:03.073  INFO 24816 --- [    Test worker] o.s.s.concurrent.ThreadPoolTaskExecutor  : Initializing ExecutorService 'applicationTaskExecutor'
2021-12-01 14:24:03.112  INFO 24816 --- [    Test worker] o.s.b.a.w.s.WelcomePageHandlerMapping    : Adding welcome page template: index
2021-12-01 14:24:03.488  INFO 24816 --- [    Test worker] s.a.ScheduledAnnotationBeanPostProcessor : No TaskScheduler/ScheduledExecutorService bean found for scheduled processing
2021-12-01 14:24:03.489  INFO 24816 --- [    Test worker] c.p.b.s.w.d.posts.PostsRepositoryTest    : Started PostsRepositoryTest in 1.541 seconds (JVM running for 10.474)
>>>>>>>> createDate=2021-12-01T14:24:03.532, modifiedDate=2021-12-01T14:24:03.532
]]></system-out>
  <system-err><![CDATA[]]></system-err>
</testsuite>
