<?xml version="1.0" encoding="UTF-8"?>
<testsuite name="com.pongdong.book.springboot.web.HelloControllerTest" tests="2" skipped="0" failures="0" errors="0" timestamp="2021-11-30T02:08:31" hostname="LAPTOP-KJK6C5MT" time="0.459">
  <properties/>
  <testcase name="HelloDto가_리턴_된다()" classname="com.pongdong.book.springboot.web.HelloControllerTest" time="0.449"/>
  <testcase name="Hello가_리턴된다()" classname="com.pongdong.book.springboot.web.HelloControllerTest" time="0.009"/>
  <system-out><![CDATA[11:08:27.773 [Test worker] DEBUG org.springframework.test.context.BootstrapUtils - Instantiating CacheAwareContextLoaderDelegate from class [org.springframework.test.context.cache.DefaultCacheAwareContextLoaderDelegate]
11:08:27.800 [Test worker] DEBUG org.springframework.test.context.BootstrapUtils - Instantiating BootstrapContext using constructor [public org.springframework.test.context.support.DefaultBootstrapContext(java.lang.Class,org.springframework.test.context.CacheAwareContextLoaderDelegate)]
11:08:27.830 [Test worker] DEBUG org.springframework.test.context.BootstrapUtils - Instantiating TestContextBootstrapper for test class [com.pongdong.book.springboot.web.HelloControllerTest] from class [org.springframework.boot.test.autoconfigure.web.servlet.WebMvcTestContextBootstrapper]
11:08:27.849 [Test worker] INFO org.springframework.boot.test.autoconfigure.web.servlet.WebMvcTestContextBootstrapper - Neither @ContextConfiguration nor @ContextHierarchy found for test class [com.pongdong.book.springboot.web.HelloControllerTest], using SpringBootContextLoader
11:08:27.861 [Test worker] DEBUG org.springframework.test.context.support.AbstractContextLoader - Did not detect default resource location for test class [com.pongdong.book.springboot.web.HelloControllerTest]: class path resource [com/pongdong/book/springboot/web/HelloControllerTest-context.xml] does not exist
11:08:27.861 [Test worker] DEBUG org.springframework.test.context.support.AbstractContextLoader - Did not detect default resource location for test class [com.pongdong.book.springboot.web.HelloControllerTest]: class path resource [com/pongdong/book/springboot/web/HelloControllerTestContext.groovy] does not exist
11:08:27.862 [Test worker] INFO org.springframework.test.context.support.AbstractContextLoader - Could not detect default resource locations for test class [com.pongdong.book.springboot.web.HelloControllerTest]: no resource found for suffixes {-context.xml, Context.groovy}.
11:08:27.863 [Test worker] INFO org.springframework.test.context.support.AnnotationConfigContextLoaderUtils - Could not detect default configuration classes for test class [com.pongdong.book.springboot.web.HelloControllerTest]: HelloControllerTest does not declare any static, non-private, non-final, nested classes annotated with @Configuration.
11:08:27.950 [Test worker] DEBUG org.springframework.test.context.support.ActiveProfilesUtils - Could not find an 'annotation declaring class' for annotation type [org.springframework.test.context.ActiveProfiles] and class [com.pongdong.book.springboot.web.HelloControllerTest]
11:08:28.029 [Test worker] DEBUG org.springframework.context.annotation.ClassPathScanningCandidateComponentProvider - Identified candidate component class: file [C:\s\freelec-springboot-webservice\build\classes\java\main\com\pongdong\book\springboot\Application.class]
11:08:28.031 [Test worker] INFO org.springframework.boot.test.context.SpringBootTestContextBootstrapper - Found @SpringBootConfiguration com.pongdong.book.springboot.Application for test class com.pongdong.book.springboot.web.HelloControllerTest
11:08:28.033 [Test worker] DEBUG org.springframework.boot.test.autoconfigure.web.servlet.WebMvcTestContextBootstrapper - @TestExecutionListeners is not present for class [com.pongdong.book.springboot.web.HelloControllerTest]: using defaults.
11:08:28.034 [Test worker] INFO org.springframework.boot.test.autoconfigure.web.servlet.WebMvcTestContextBootstrapper - Loaded default TestExecutionListener class names from location [META-INF/spring.factories]: [org.springframework.security.test.context.support.WithSecurityContextTestExecutionListener, org.springframework.security.test.context.support.ReactorContextTestExecutionListener, org.springframework.boot.test.autoconfigure.restdocs.RestDocsTestExecutionListener, org.springframework.boot.test.autoconfigure.web.client.MockRestServiceServerResetTestExecutionListener, org.springframework.boot.test.autoconfigure.web.servlet.MockMvcPrintOnlyOnFailureTestExecutionListener, org.springframework.boot.test.autoconfigure.web.servlet.WebDriverTestExecutionListener, org.springframework.boot.test.mock.mockito.MockitoTestExecutionListener, org.springframework.boot.test.mock.mockito.ResetMocksTestExecutionListener, org.springframework.test.context.web.ServletTestExecutionListener, org.springframework.test.context.support.DirtiesContextBeforeModesTestExecutionListener, org.springframework.test.context.support.DependencyInjectionTestExecutionListener, org.springframework.test.context.support.DirtiesContextTestExecutionListener, org.springframework.test.context.transaction.TransactionalTestExecutionListener, org.springframework.test.context.jdbc.SqlScriptsTestExecutionListener]
11:08:28.062 [Test worker] INFO org.springframework.boot.test.autoconfigure.web.servlet.WebMvcTestContextBootstrapper - Using TestExecutionListeners: [org.springframework.test.context.web.ServletTestExecutionListener@64d29a87, org.springframework.test.context.support.DirtiesContextBeforeModesTestExecutionListener@684636b6, org.springframework.boot.test.mock.mockito.MockitoTestExecutionListener@52efbd3c, org.springframework.boot.test.autoconfigure.SpringBootDependencyInjectionTestExecutionListener@448e1d58, org.springframework.test.context.support.DirtiesContextTestExecutionListener@3478b1ec, org.springframework.test.context.transaction.TransactionalTestExecutionListener@6d52d253, org.springframework.test.context.jdbc.SqlScriptsTestExecutionListener@427b8498, org.springframework.security.test.context.support.WithSecurityContextTestExecutionListener@762b3552, org.springframework.security.test.context.support.ReactorContextTestExecutionListener@7ad1daa, org.springframework.boot.test.autoconfigure.restdocs.RestDocsTestExecutionListener@7c969746, org.springframework.boot.test.autoconfigure.web.client.MockRestServiceServerResetTestExecutionListener@62579308, org.springframework.boot.test.autoconfigure.web.servlet.MockMvcPrintOnlyOnFailureTestExecutionListener@4df9bbb5, org.springframework.boot.test.autoconfigure.web.servlet.WebDriverTestExecutionListener@22d6bfed, org.springframework.boot.test.mock.mockito.ResetMocksTestExecutionListener@6ab23056]
11:08:28.067 [Test worker] DEBUG org.springframework.test.context.support.AbstractDirtiesContextTestExecutionListener - Before test class: context [DefaultTestContext@4da7771f testClass = HelloControllerTest, testInstance = [null], testMethod = [null], testException = [null], mergedContextConfiguration = [WebMergedContextConfiguration@791e7527 testClass = HelloControllerTest, locations = '{}', classes = '{class com.pongdong.book.springboot.Application}', contextInitializerClasses = '[]', activeProfiles = '{}', propertySourceLocations = '{}', propertySourceProperties = '{org.springframework.boot.test.autoconfigure.web.servlet.WebMvcTestContextBootstrapper=true}', contextCustomizers = set[org.springframework.boot.test.autoconfigure.OverrideAutoConfigurationContextCustomizerFactory$DisableAutoConfigurationContextCustomizer@6501f610, org.springframework.boot.test.autoconfigure.filter.TypeExcludeFiltersContextCustomizer@b0251914, org.springframework.boot.test.autoconfigure.properties.PropertyMappingContextCustomizer@d7b340af, org.springframework.boot.test.autoconfigure.web.servlet.WebDriverContextCustomizerFactory$Customizer@4f7cdfc8, [ImportsContextCustomizer@4f339fd9 key = [org.springframework.boot.autoconfigure.cache.CacheAutoConfiguration, org.springframework.boot.autoconfigure.context.MessageSourceAutoConfiguration, org.springframework.boot.autoconfigure.data.web.SpringDataWebAutoConfiguration, org.springframework.boot.autoconfigure.freemarker.FreeMarkerAutoConfiguration, org.springframework.boot.autoconfigure.groovy.template.GroovyTemplateAutoConfiguration, org.springframework.boot.autoconfigure.gson.GsonAutoConfiguration, org.springframework.boot.autoconfigure.hateoas.HypermediaAutoConfiguration, org.springframework.boot.autoconfigure.http.HttpMessageConvertersAutoConfiguration, org.springframework.boot.autoconfigure.jackson.JacksonAutoConfiguration, org.springframework.boot.autoconfigure.jsonb.JsonbAutoConfiguration, org.springframework.boot.autoconfigure.mustache.MustacheAutoConfiguration, org.springframework.boot.autoconfigure.task.TaskExecutionAutoConfiguration, org.springframework.boot.autoconfigure.thymeleaf.ThymeleafAutoConfiguration, org.springframework.boot.autoconfigure.validation.ValidationAutoConfiguration, org.springframework.boot.autoconfigure.web.servlet.error.ErrorMvcAutoConfiguration, org.springframework.boot.autoconfigure.web.servlet.WebMvcAutoConfiguration, org.springframework.boot.test.autoconfigure.web.servlet.MockMvcAutoConfiguration, org.springframework.boot.test.autoconfigure.web.servlet.MockMvcSecurityAutoConfiguration, org.springframework.boot.test.autoconfigure.web.servlet.MockMvcWebClientAutoConfiguration, org.springframework.boot.test.autoconfigure.web.servlet.MockMvcWebDriverAutoConfiguration]], org.springframework.boot.test.context.filter.ExcludeFilterContextCustomizer@37de3b4a, org.springframework.boot.test.json.DuplicateJsonObjectContextCustomizerFactory$DuplicateJsonObjectContextCustomizer@4f8d03e3, org.springframework.boot.test.mock.mockito.MockitoContextCustomizer@0], resourceBasePath = 'src/main/webapp', contextLoader = 'org.springframework.boot.test.context.SpringBootContextLoader', parent = [null]], attributes = map[[empty]]], class annotated with @DirtiesContext [false] with mode [null].
11:08:28.075 [Test worker] DEBUG org.springframework.test.context.support.DependencyInjectionTestExecutionListener - Performing dependency injection for test context [[DefaultTestContext@4da7771f testClass = HelloControllerTest, testInstance = com.pongdong.book.springboot.web.HelloControllerTest@24bdaab3, testMethod = [null], testException = [null], mergedContextConfiguration = [WebMergedContextConfiguration@791e7527 testClass = HelloControllerTest, locations = '{}', classes = '{class com.pongdong.book.springboot.Application}', contextInitializerClasses = '[]', activeProfiles = '{}', propertySourceLocations = '{}', propertySourceProperties = '{org.springframework.boot.test.autoconfigure.web.servlet.WebMvcTestContextBootstrapper=true}', contextCustomizers = set[org.springframework.boot.test.autoconfigure.OverrideAutoConfigurationContextCustomizerFactory$DisableAutoConfigurationContextCustomizer@6501f610, org.springframework.boot.test.autoconfigure.filter.TypeExcludeFiltersContextCustomizer@b0251914, org.springframework.boot.test.autoconfigure.properties.PropertyMappingContextCustomizer@d7b340af, org.springframework.boot.test.autoconfigure.web.servlet.WebDriverContextCustomizerFactory$Customizer@4f7cdfc8, [ImportsContextCustomizer@4f339fd9 key = [org.springframework.boot.autoconfigure.cache.CacheAutoConfiguration, org.springframework.boot.autoconfigure.context.MessageSourceAutoConfiguration, org.springframework.boot.autoconfigure.data.web.SpringDataWebAutoConfiguration, org.springframework.boot.autoconfigure.freemarker.FreeMarkerAutoConfiguration, org.springframework.boot.autoconfigure.groovy.template.GroovyTemplateAutoConfiguration, org.springframework.boot.autoconfigure.gson.GsonAutoConfiguration, org.springframework.boot.autoconfigure.hateoas.HypermediaAutoConfiguration, org.springframework.boot.autoconfigure.http.HttpMessageConvertersAutoConfiguration, org.springframework.boot.autoconfigure.jackson.JacksonAutoConfiguration, org.springframework.boot.autoconfigure.jsonb.JsonbAutoConfiguration, org.springframework.boot.autoconfigure.mustache.MustacheAutoConfiguration, org.springframework.boot.autoconfigure.task.TaskExecutionAutoConfiguration, org.springframework.boot.autoconfigure.thymeleaf.ThymeleafAutoConfiguration, org.springframework.boot.autoconfigure.validation.ValidationAutoConfiguration, org.springframework.boot.autoconfigure.web.servlet.error.ErrorMvcAutoConfiguration, org.springframework.boot.autoconfigure.web.servlet.WebMvcAutoConfiguration, org.springframework.boot.test.autoconfigure.web.servlet.MockMvcAutoConfiguration, org.springframework.boot.test.autoconfigure.web.servlet.MockMvcSecurityAutoConfiguration, org.springframework.boot.test.autoconfigure.web.servlet.MockMvcWebClientAutoConfiguration, org.springframework.boot.test.autoconfigure.web.servlet.MockMvcWebDriverAutoConfiguration]], org.springframework.boot.test.context.filter.ExcludeFilterContextCustomizer@37de3b4a, org.springframework.boot.test.json.DuplicateJsonObjectContextCustomizerFactory$DuplicateJsonObjectContextCustomizer@4f8d03e3, org.springframework.boot.test.mock.mockito.MockitoContextCustomizer@0], resourceBasePath = 'src/main/webapp', contextLoader = 'org.springframework.boot.test.context.SpringBootContextLoader', parent = [null]], attributes = map[[empty]]]].
11:08:28.260 [Test worker] DEBUG org.springframework.test.context.support.TestPropertySourceUtils - Adding inlined properties to environment: {spring.jmx.enabled=false, org.springframework.boot.test.autoconfigure.web.servlet.WebMvcTestContextBootstrapper=true, server.port=-1}

  .   ____          _            __ _ _
 /\\ / ___'_ __ _ _(_)_ __  __ _ \ \ \ \
( ( )\___ | '_ | '_| | '_ \/ _` | \ \ \ \
 \\/  ___)| |_)| | | | | || (_| |  ) ) ) )
  '  |____| .__|_| |_|_| |_\__, | / / / /
 =========|_|==============|___/=/_/_/_/
 :: Spring Boot ::        (v2.1.7.RELEASE)

2021-11-30 11:08:28.645  INFO 16596 --- [    Test worker] c.p.b.s.web.HelloControllerTest          : Starting HelloControllerTest on LAPTOP-KJK6C5MT with PID 16596 (started by haksa in C:\s\freelec-springboot-webservice)
2021-11-30 11:08:28.649  INFO 16596 --- [    Test worker] c.p.b.s.web.HelloControllerTest          : No active profile set, falling back to default profiles: default
2021-11-30 11:08:30.399  INFO 16596 --- [    Test worker] o.s.s.concurrent.ThreadPoolTaskExecutor  : Initializing ExecutorService 'applicationTaskExecutor'
2021-11-30 11:08:30.537  INFO 16596 --- [    Test worker] o.s.b.a.w.s.WelcomePageHandlerMapping    : Adding welcome page template: index
2021-11-30 11:08:31.040  INFO 16596 --- [    Test worker] .s.s.UserDetailsServiceAutoConfiguration : 

Using generated security password: 26d9d371-9828-41df-8fcb-56e47e912a85

2021-11-30 11:08:31.324  INFO 16596 --- [    Test worker] o.s.s.web.DefaultSecurityFilterChain     : Creating filter chain: any request, [org.springframework.security.web.context.request.async.WebAsyncManagerIntegrationFilter@6ba411d6, org.springframework.security.web.context.SecurityContextPersistenceFilter@696b6f6f, org.springframework.security.web.header.HeaderWriterFilter@266ff982, org.springframework.security.web.csrf.CsrfFilter@16b78d02, org.springframework.security.web.authentication.logout.LogoutFilter@3d043321, org.springframework.security.web.authentication.UsernamePasswordAuthenticationFilter@32d05d3f, org.springframework.security.web.authentication.ui.DefaultLoginPageGeneratingFilter@40933df7, org.springframework.security.web.authentication.ui.DefaultLogoutPageGeneratingFilter@25bff059, org.springframework.security.web.authentication.www.BasicAuthenticationFilter@40870695, org.springframework.security.web.savedrequest.RequestCacheAwareFilter@5bb9f97, org.springframework.security.web.servletapi.SecurityContextHolderAwareRequestFilter@1519caab, org.springframework.security.web.authentication.AnonymousAuthenticationFilter@7b89bbde, org.springframework.security.web.session.SessionManagementFilter@5769b001, org.springframework.security.web.access.ExceptionTranslationFilter@a360045, org.springframework.security.web.access.intercept.FilterSecurityInterceptor@77bea857]
2021-11-30 11:08:31.404  INFO 16596 --- [    Test worker] o.s.b.t.m.w.SpringBootMockServletContext : Initializing Spring TestDispatcherServlet ''
2021-11-30 11:08:31.404  INFO 16596 --- [    Test worker] o.s.t.web.servlet.TestDispatcherServlet  : Initializing Servlet ''
2021-11-30 11:08:31.425  INFO 16596 --- [    Test worker] o.s.t.web.servlet.TestDispatcherServlet  : Completed initialization in 21 ms
2021-11-30 11:08:31.481  INFO 16596 --- [    Test worker] c.p.b.s.web.HelloControllerTest          : Started HelloControllerTest in 3.203 seconds (JVM running for 5.195)
]]></system-out>
  <system-err><![CDATA[]]></system-err>
</testsuite>
