<?xml version="1.0" encoding="UTF-8"?>
<testsuite name="com.pongdong.book.springboot.web.HelloControllerTest" tests="2" skipped="0" failures="0" errors="0" timestamp="2021-12-01T05:24:04" hostname="LAPTOP-KJK6C5MT" time="0.056">
  <properties/>
  <testcase name="HelloDto가_리턴_된다()" classname="com.pongdong.book.springboot.web.HelloControllerTest" time="0.048"/>
  <testcase name="Hello가_리턴된다()" classname="com.pongdong.book.springboot.web.HelloControllerTest" time="0.007"/>
  <system-out><![CDATA[2021-12-01 14:24:03.557  INFO 24816 --- [    Test worker] .b.t.a.w.s.WebMvcTestContextBootstrapper : Neither @ContextConfiguration nor @ContextHierarchy found for test class [com.pongdong.book.springboot.web.HelloControllerTest], using SpringBootContextLoader
2021-12-01 14:24:03.559  INFO 24816 --- [    Test worker] o.s.t.c.support.AbstractContextLoader    : Could not detect default resource locations for test class [com.pongdong.book.springboot.web.HelloControllerTest]: no resource found for suffixes {-context.xml, Context.groovy}.
2021-12-01 14:24:03.559  INFO 24816 --- [    Test worker] t.c.s.AnnotationConfigContextLoaderUtils : Could not detect default configuration classes for test class [com.pongdong.book.springboot.web.HelloControllerTest]: HelloControllerTest does not declare any static, non-private, non-final, nested classes annotated with @Configuration.
2021-12-01 14:24:03.579  INFO 24816 --- [    Test worker] .b.t.c.SpringBootTestContextBootstrapper : Found @SpringBootConfiguration com.pongdong.book.springboot.Application for test class com.pongdong.book.springboot.web.HelloControllerTest
2021-12-01 14:24:03.581  INFO 24816 --- [    Test worker] .b.t.a.w.s.WebMvcTestContextBootstrapper : Loaded default TestExecutionListener class names from location [META-INF/spring.factories]: [org.springframework.security.test.context.support.WithSecurityContextTestExecutionListener, org.springframework.security.test.context.support.ReactorContextTestExecutionListener, org.springframework.boot.test.autoconfigure.restdocs.RestDocsTestExecutionListener, org.springframework.boot.test.autoconfigure.web.client.MockRestServiceServerResetTestExecutionListener, org.springframework.boot.test.autoconfigure.web.servlet.MockMvcPrintOnlyOnFailureTestExecutionListener, org.springframework.boot.test.autoconfigure.web.servlet.WebDriverTestExecutionListener, org.springframework.boot.test.autoconfigure.webservices.client.MockWebServiceServerTestExecutionListener, org.springframework.boot.test.mock.mockito.MockitoTestExecutionListener, org.springframework.boot.test.mock.mockito.ResetMocksTestExecutionListener, org.springframework.test.context.web.ServletTestExecutionListener, org.springframework.test.context.support.DirtiesContextBeforeModesTestExecutionListener, org.springframework.test.context.support.DependencyInjectionTestExecutionListener, org.springframework.test.context.support.DirtiesContextTestExecutionListener, org.springframework.test.context.transaction.TransactionalTestExecutionListener, org.springframework.test.context.jdbc.SqlScriptsTestExecutionListener, org.springframework.test.context.event.EventPublishingTestExecutionListener]
2021-12-01 14:24:03.582  INFO 24816 --- [    Test worker] .b.t.a.w.s.WebMvcTestContextBootstrapper : Using TestExecutionListeners: [org.springframework.test.context.web.ServletTestExecutionListener@7e6db5ec, org.springframework.test.context.support.DirtiesContextBeforeModesTestExecutionListener@11a59c85, org.springframework.boot.test.mock.mockito.MockitoTestExecutionListener@6ac4dcaa, org.springframework.boot.test.autoconfigure.SpringBootDependencyInjectionTestExecutionListener@56ab4262, org.springframework.test.context.support.DirtiesContextTestExecutionListener@45fa5f8e, org.springframework.test.context.transaction.TransactionalTestExecutionListener@7886b200, org.springframework.test.context.jdbc.SqlScriptsTestExecutionListener@346b0036, org.springframework.security.test.context.support.WithSecurityContextTestExecutionListener@38dfec8b, org.springframework.test.context.event.EventPublishingTestExecutionListener@2fcec231, org.springframework.security.test.context.support.ReactorContextTestExecutionListener@6215637a, org.springframework.boot.test.autoconfigure.restdocs.RestDocsTestExecutionListener@e13a5be, org.springframework.boot.test.autoconfigure.web.client.MockRestServiceServerResetTestExecutionListener@496fbb43, org.springframework.boot.test.autoconfigure.web.servlet.MockMvcPrintOnlyOnFailureTestExecutionListener@10e92715, org.springframework.boot.test.autoconfigure.web.servlet.WebDriverTestExecutionListener@59ae98c1, org.springframework.boot.test.autoconfigure.webservices.client.MockWebServiceServerTestExecutionListener@4a83f81f, org.springframework.boot.test.mock.mockito.ResetMocksTestExecutionListener@7e02e7af]

  .   ____          _            __ _ _
 /\\ / ___'_ __ _ _(_)_ __  __ _ \ \ \ \
( ( )\___ | '_ | '_| | '_ \/ _` | \ \ \ \
 \\/  ___)| |_)| | | | | || (_| |  ) ) ) )
  '  |____| .__|_| |_|_| |_\__, | / / / /
 =========|_|==============|___/=/_/_/_/
 :: Spring Boot ::                (v2.4.1)

2021-12-01 14:24:03.614  INFO 24816 --- [    Test worker] c.p.b.s.web.HelloControllerTest          : Starting HelloControllerTest using Java 1.8.0_291 on LAPTOP-KJK6C5MT with PID 24816 (started by haksa in C:\s\freelec-springboot-webservice)
2021-12-01 14:24:03.615  INFO 24816 --- [    Test worker] c.p.b.s.web.HelloControllerTest          : The following profiles are active: oauth
2021-12-01 14:24:03.942  INFO 24816 --- [    Test worker] o.s.s.concurrent.ThreadPoolTaskExecutor  : Initializing ExecutorService 'applicationTaskExecutor'
2021-12-01 14:24:03.968  INFO 24816 --- [    Test worker] o.s.b.a.w.s.WelcomePageHandlerMapping    : Adding welcome page template: index
2021-12-01 14:24:04.214  INFO 24816 --- [    Test worker] o.s.s.web.DefaultSecurityFilterChain     : Will secure any request with [org.springframework.security.web.context.request.async.WebAsyncManagerIntegrationFilter@f1cada6, org.springframework.security.web.context.SecurityContextPersistenceFilter@7cfbbc0a, org.springframework.security.web.header.HeaderWriterFilter@73683740, org.springframework.security.web.csrf.CsrfFilter@63d0382b, org.springframework.security.web.authentication.logout.LogoutFilter@5fa23e0, org.springframework.security.oauth2.client.web.OAuth2AuthorizationRequestRedirectFilter@1d82593b, org.springframework.security.oauth2.client.web.OAuth2AuthorizationRequestRedirectFilter@27600147, org.springframework.security.oauth2.client.web.OAuth2LoginAuthenticationFilter@2c571b75, org.springframework.security.web.authentication.ui.DefaultLoginPageGeneratingFilter@4011d63f, org.springframework.security.web.authentication.ui.DefaultLogoutPageGeneratingFilter@349b8f6, org.springframework.security.web.savedrequest.RequestCacheAwareFilter@5d3303bb, org.springframework.security.web.servletapi.SecurityContextHolderAwareRequestFilter@6fd3ed6a, org.springframework.security.web.authentication.AnonymousAuthenticationFilter@5ab67f60, org.springframework.security.oauth2.client.web.OAuth2AuthorizationCodeGrantFilter@d2a919e, org.springframework.security.web.session.SessionManagementFilter@111b4866, org.springframework.security.web.access.ExceptionTranslationFilter@36e2e177, org.springframework.security.web.access.intercept.FilterSecurityInterceptor@8606b8b]
2021-12-01 14:24:04.266  INFO 24816 --- [    Test worker] o.s.b.t.m.w.SpringBootMockServletContext : Initializing Spring TestDispatcherServlet ''
2021-12-01 14:24:04.266  INFO 24816 --- [    Test worker] o.s.t.web.servlet.TestDispatcherServlet  : Initializing Servlet ''
2021-12-01 14:24:04.266  INFO 24816 --- [    Test worker] o.s.t.web.servlet.TestDispatcherServlet  : Completed initialization in 0 ms
2021-12-01 14:24:04.275  INFO 24816 --- [    Test worker] c.p.b.s.web.HelloControllerTest          : Started HelloControllerTest in 0.689 seconds (JVM running for 11.261)
]]></system-out>
  <system-err><![CDATA[]]></system-err>
</testsuite>
