<?xml version="1.0" encoding="UTF-8"?>
<testsuite name="com.pongdong.book.springboot.web.HelloControllerTest" tests="2" skipped="0" failures="0" errors="0" timestamp="2021-12-02T00:05:46" hostname="LAPTOP-KJK6C5MT" time="0.189">
  <properties/>
  <testcase name="HelloDto가_리턴_된다()" classname="com.pongdong.book.springboot.web.HelloControllerTest" time="0.179"/>
  <testcase name="Hello가_리턴된다()" classname="com.pongdong.book.springboot.web.HelloControllerTest" time="0.009"/>
  <system-out><![CDATA[2021-12-02 09:05:45.810  INFO 3908 --- [    Test worker] .b.t.a.w.s.WebMvcTestContextBootstrapper : Neither @ContextConfiguration nor @ContextHierarchy found for test class [com.pongdong.book.springboot.web.HelloControllerTest], using SpringBootContextLoader
2021-12-02 09:05:45.811  INFO 3908 --- [    Test worker] o.s.t.c.support.AbstractContextLoader    : Could not detect default resource locations for test class [com.pongdong.book.springboot.web.HelloControllerTest]: no resource found for suffixes {-context.xml, Context.groovy}.
2021-12-02 09:05:45.811  INFO 3908 --- [    Test worker] t.c.s.AnnotationConfigContextLoaderUtils : Could not detect default configuration classes for test class [com.pongdong.book.springboot.web.HelloControllerTest]: HelloControllerTest does not declare any static, non-private, non-final, nested classes annotated with @Configuration.
2021-12-02 09:05:45.836  INFO 3908 --- [    Test worker] .b.t.c.SpringBootTestContextBootstrapper : Found @SpringBootConfiguration com.pongdong.book.springboot.Application for test class com.pongdong.book.springboot.web.HelloControllerTest
2021-12-02 09:05:45.837  INFO 3908 --- [    Test worker] .b.t.a.w.s.WebMvcTestContextBootstrapper : Loaded default TestExecutionListener class names from location [META-INF/spring.factories]: [org.springframework.security.test.context.support.WithSecurityContextTestExecutionListener, org.springframework.security.test.context.support.ReactorContextTestExecutionListener, org.springframework.boot.test.autoconfigure.restdocs.RestDocsTestExecutionListener, org.springframework.boot.test.autoconfigure.web.client.MockRestServiceServerResetTestExecutionListener, org.springframework.boot.test.autoconfigure.web.servlet.MockMvcPrintOnlyOnFailureTestExecutionListener, org.springframework.boot.test.autoconfigure.web.servlet.WebDriverTestExecutionListener, org.springframework.boot.test.autoconfigure.webservices.client.MockWebServiceServerTestExecutionListener, org.springframework.boot.test.mock.mockito.MockitoTestExecutionListener, org.springframework.boot.test.mock.mockito.ResetMocksTestExecutionListener, org.springframework.test.context.web.ServletTestExecutionListener, org.springframework.test.context.support.DirtiesContextBeforeModesTestExecutionListener, org.springframework.test.context.support.DependencyInjectionTestExecutionListener, org.springframework.test.context.support.DirtiesContextTestExecutionListener, org.springframework.test.context.transaction.TransactionalTestExecutionListener, org.springframework.test.context.jdbc.SqlScriptsTestExecutionListener, org.springframework.test.context.event.EventPublishingTestExecutionListener]
2021-12-02 09:05:45.839  INFO 3908 --- [    Test worker] .b.t.a.w.s.WebMvcTestContextBootstrapper : Using TestExecutionListeners: [org.springframework.test.context.web.ServletTestExecutionListener@45b13920, org.springframework.test.context.support.DirtiesContextBeforeModesTestExecutionListener@3b0157f1, org.springframework.boot.test.mock.mockito.MockitoTestExecutionListener@2df0371c, org.springframework.boot.test.autoconfigure.SpringBootDependencyInjectionTestExecutionListener@4ef8b96e, org.springframework.test.context.support.DirtiesContextTestExecutionListener@24ce1a8, org.springframework.test.context.transaction.TransactionalTestExecutionListener@33c380cf, org.springframework.test.context.jdbc.SqlScriptsTestExecutionListener@1fa7197c, org.springframework.security.test.context.support.WithSecurityContextTestExecutionListener@149fe02f, org.springframework.test.context.event.EventPublishingTestExecutionListener@71bb02b5, org.springframework.security.test.context.support.ReactorContextTestExecutionListener@5e5131b5, org.springframework.boot.test.autoconfigure.restdocs.RestDocsTestExecutionListener@791aaffa, org.springframework.boot.test.autoconfigure.web.client.MockRestServiceServerResetTestExecutionListener@126fa66e, org.springframework.boot.test.autoconfigure.web.servlet.MockMvcPrintOnlyOnFailureTestExecutionListener@3b68b03c, org.springframework.boot.test.autoconfigure.web.servlet.WebDriverTestExecutionListener@6c63f27d, org.springframework.boot.test.autoconfigure.webservices.client.MockWebServiceServerTestExecutionListener@40aaf574, org.springframework.boot.test.mock.mockito.ResetMocksTestExecutionListener@2f1977d9]

  .   ____          _            __ _ _
 /\\ / ___'_ __ _ _(_)_ __  __ _ \ \ \ \
( ( )\___ | '_ | '_| | '_ \/ _` | \ \ \ \
 \\/  ___)| |_)| | | | | || (_| |  ) ) ) )
  '  |____| .__|_| |_|_| |_\__, | / / / /
 =========|_|==============|___/=/_/_/_/
 :: Spring Boot ::                (v2.4.1)

2021-12-02 09:05:45.875  INFO 3908 --- [    Test worker] c.p.b.s.web.HelloControllerTest          : Starting HelloControllerTest using Java 1.8.0_291 on LAPTOP-KJK6C5MT with PID 3908 (started by haksa in C:\s\freelec-springboot-webservice)
2021-12-02 09:05:45.876  INFO 3908 --- [    Test worker] c.p.b.s.web.HelloControllerTest          : The following profiles are active: oauth
2021-12-02 09:05:46.312  INFO 3908 --- [    Test worker] o.s.s.concurrent.ThreadPoolTaskExecutor  : Initializing ExecutorService 'applicationTaskExecutor'
2021-12-02 09:05:46.345  INFO 3908 --- [    Test worker] o.s.b.a.w.s.WelcomePageHandlerMapping    : Adding welcome page template: index
2021-12-02 09:05:46.675  INFO 3908 --- [    Test worker] o.s.s.web.DefaultSecurityFilterChain     : Will secure any request with [org.springframework.security.web.context.request.async.WebAsyncManagerIntegrationFilter@6c3e2d1, org.springframework.security.web.context.SecurityContextPersistenceFilter@5dd4d00d, org.springframework.security.web.header.HeaderWriterFilter@2ba5a337, org.springframework.security.web.csrf.CsrfFilter@7b659572, org.springframework.security.web.authentication.logout.LogoutFilter@1f25198e, org.springframework.security.oauth2.client.web.OAuth2AuthorizationRequestRedirectFilter@7c53c1ab, org.springframework.security.oauth2.client.web.OAuth2AuthorizationRequestRedirectFilter@71c0cb74, org.springframework.security.oauth2.client.web.OAuth2LoginAuthenticationFilter@661f354f, org.springframework.security.web.authentication.ui.DefaultLoginPageGeneratingFilter@3441d3d4, org.springframework.security.web.authentication.ui.DefaultLogoutPageGeneratingFilter@3d6e14ea, org.springframework.security.web.savedrequest.RequestCacheAwareFilter@7dfac6b8, org.springframework.security.web.servletapi.SecurityContextHolderAwareRequestFilter@7bc06e2b, org.springframework.security.web.authentication.AnonymousAuthenticationFilter@23cec481, org.springframework.security.oauth2.client.web.OAuth2AuthorizationCodeGrantFilter@2b381bf, org.springframework.security.web.session.SessionManagementFilter@7cbc7d34, org.springframework.security.web.access.ExceptionTranslationFilter@3792e38c, org.springframework.security.web.access.intercept.FilterSecurityInterceptor@72478fe8]
2021-12-02 09:05:46.791  INFO 3908 --- [    Test worker] o.s.b.t.m.w.SpringBootMockServletContext : Initializing Spring TestDispatcherServlet ''
2021-12-02 09:05:46.791  INFO 3908 --- [    Test worker] o.s.t.web.servlet.TestDispatcherServlet  : Initializing Servlet ''
2021-12-02 09:05:46.792  INFO 3908 --- [    Test worker] o.s.t.web.servlet.TestDispatcherServlet  : Completed initialization in 1 ms
2021-12-02 09:05:46.806  INFO 3908 --- [    Test worker] c.p.b.s.web.HelloControllerTest          : Started HelloControllerTest in 0.964 seconds (JVM running for 9.837)
]]></system-out>
  <system-err><![CDATA[]]></system-err>
</testsuite>
