<?xml version="1.0" encoding="UTF-8"?>
<testsuite name="com.pongdong.book.springboot.web.IndexControllerTest" tests="1" skipped="0" failures="0" errors="0" timestamp="2021-12-01T05:24:04" hostname="LAPTOP-KJK6C5MT" time="0.154">
  <properties/>
  <testcase name="메인페이지_로딩()" classname="com.pongdong.book.springboot.web.IndexControllerTest" time="0.154"/>
  <system-out><![CDATA[2021-12-01 14:24:04.336  INFO 24816 --- [    Test worker] .b.t.c.SpringBootTestContextBootstrapper : Neither @ContextConfiguration nor @ContextHierarchy found for test class [com.pongdong.book.springboot.web.IndexControllerTest], using SpringBootContextLoader
2021-12-01 14:24:04.336  INFO 24816 --- [    Test worker] o.s.t.c.support.AbstractContextLoader    : Could not detect default resource locations for test class [com.pongdong.book.springboot.web.IndexControllerTest]: no resource found for suffixes {-context.xml, Context.groovy}.
2021-12-01 14:24:04.337  INFO 24816 --- [    Test worker] t.c.s.AnnotationConfigContextLoaderUtils : Could not detect default configuration classes for test class [com.pongdong.book.springboot.web.IndexControllerTest]: IndexControllerTest does not declare any static, non-private, non-final, nested classes annotated with @Configuration.
2021-12-01 14:24:04.338  INFO 24816 --- [    Test worker] .b.t.c.SpringBootTestContextBootstrapper : Found @SpringBootConfiguration com.pongdong.book.springboot.Application for test class com.pongdong.book.springboot.web.IndexControllerTest
2021-12-01 14:24:04.339  INFO 24816 --- [    Test worker] .b.t.c.SpringBootTestContextBootstrapper : Loaded default TestExecutionListener class names from location [META-INF/spring.factories]: [org.springframework.security.test.context.support.WithSecurityContextTestExecutionListener, org.springframework.security.test.context.support.ReactorContextTestExecutionListener, org.springframework.boot.test.autoconfigure.restdocs.RestDocsTestExecutionListener, org.springframework.boot.test.autoconfigure.web.client.MockRestServiceServerResetTestExecutionListener, org.springframework.boot.test.autoconfigure.web.servlet.MockMvcPrintOnlyOnFailureTestExecutionListener, org.springframework.boot.test.autoconfigure.web.servlet.WebDriverTestExecutionListener, org.springframework.boot.test.autoconfigure.webservices.client.MockWebServiceServerTestExecutionListener, org.springframework.boot.test.mock.mockito.MockitoTestExecutionListener, org.springframework.boot.test.mock.mockito.ResetMocksTestExecutionListener, org.springframework.test.context.web.ServletTestExecutionListener, org.springframework.test.context.support.DirtiesContextBeforeModesTestExecutionListener, org.springframework.test.context.support.DependencyInjectionTestExecutionListener, org.springframework.test.context.support.DirtiesContextTestExecutionListener, org.springframework.test.context.transaction.TransactionalTestExecutionListener, org.springframework.test.context.jdbc.SqlScriptsTestExecutionListener, org.springframework.test.context.event.EventPublishingTestExecutionListener]
2021-12-01 14:24:04.340  INFO 24816 --- [    Test worker] .b.t.c.SpringBootTestContextBootstrapper : Using TestExecutionListeners: [org.springframework.test.context.web.ServletTestExecutionListener@4b0ba1a, org.springframework.test.context.support.DirtiesContextBeforeModesTestExecutionListener@6f354c91, org.springframework.boot.test.mock.mockito.MockitoTestExecutionListener@3fa4b2e0, org.springframework.boot.test.autoconfigure.SpringBootDependencyInjectionTestExecutionListener@7ad500fb, org.springframework.test.context.support.DirtiesContextTestExecutionListener@7b3415d1, org.springframework.test.context.transaction.TransactionalTestExecutionListener@3ea08fe2, org.springframework.test.context.jdbc.SqlScriptsTestExecutionListener@24091964, org.springframework.security.test.context.support.WithSecurityContextTestExecutionListener@768917c6, org.springframework.test.context.event.EventPublishingTestExecutionListener@2dc81e5b, org.springframework.security.test.context.support.ReactorContextTestExecutionListener@17ad4b9f, org.springframework.boot.test.autoconfigure.restdocs.RestDocsTestExecutionListener@7b03b237, org.springframework.boot.test.autoconfigure.web.client.MockRestServiceServerResetTestExecutionListener@450aadb6, org.springframework.boot.test.autoconfigure.web.servlet.MockMvcPrintOnlyOnFailureTestExecutionListener@28dd598a, org.springframework.boot.test.autoconfigure.web.servlet.WebDriverTestExecutionListener@55510ebd, org.springframework.boot.test.autoconfigure.webservices.client.MockWebServiceServerTestExecutionListener@33a58c2a, org.springframework.boot.test.mock.mockito.ResetMocksTestExecutionListener@23d2e0f5]
2021-12-01 14:24:04.435  INFO 24816 --- [o-auto-1-exec-2] o.a.c.c.C.[Tomcat].[localhost].[/]       : Initializing Spring DispatcherServlet 'dispatcherServlet'
2021-12-01 14:24:04.436  INFO 24816 --- [o-auto-1-exec-2] o.s.web.servlet.DispatcherServlet        : Initializing Servlet 'dispatcherServlet'
2021-12-01 14:24:04.436  INFO 24816 --- [o-auto-1-exec-2] o.s.web.servlet.DispatcherServlet        : Completed initialization in 0 ms
]]></system-out>
  <system-err><![CDATA[]]></system-err>
</testsuite>
