<?xml version="1.0" encoding="UTF-8"?>
<testsuite name="com.pongdong.book.springboot.web.PostApiControllerTest" tests="2" skipped="0" failures="0" errors="0" timestamp="2021-12-02T00:05:49" hostname="LAPTOP-KJK6C5MT" time="0.09">
  <properties/>
  <testcase name="Posts_등록된다()" classname="com.pongdong.book.springboot.web.PostApiControllerTest" time="0.067"/>
  <testcase name="Posts_수정된다()" classname="com.pongdong.book.springboot.web.PostApiControllerTest" time="0.022"/>
  <system-out><![CDATA[2021-12-02 09:05:49.595  INFO 3908 --- [    Test worker] .b.t.c.SpringBootTestContextBootstrapper : Neither @ContextConfiguration nor @ContextHierarchy found for test class [com.pongdong.book.springboot.web.PostApiControllerTest], using SpringBootContextLoader
2021-12-02 09:05:49.596  INFO 3908 --- [    Test worker] o.s.t.c.support.AbstractContextLoader    : Could not detect default resource locations for test class [com.pongdong.book.springboot.web.PostApiControllerTest]: no resource found for suffixes {-context.xml, Context.groovy}.
2021-12-02 09:05:49.596  INFO 3908 --- [    Test worker] t.c.s.AnnotationConfigContextLoaderUtils : Could not detect default configuration classes for test class [com.pongdong.book.springboot.web.PostApiControllerTest]: PostApiControllerTest does not declare any static, non-private, non-final, nested classes annotated with @Configuration.
2021-12-02 09:05:49.599  INFO 3908 --- [    Test worker] .b.t.c.SpringBootTestContextBootstrapper : Found @SpringBootConfiguration com.pongdong.book.springboot.Application for test class com.pongdong.book.springboot.web.PostApiControllerTest
2021-12-02 09:05:49.600  INFO 3908 --- [    Test worker] .b.t.c.SpringBootTestContextBootstrapper : Loaded default TestExecutionListener class names from location [META-INF/spring.factories]: [org.springframework.security.test.context.support.WithSecurityContextTestExecutionListener, org.springframework.security.test.context.support.ReactorContextTestExecutionListener, org.springframework.boot.test.autoconfigure.restdocs.RestDocsTestExecutionListener, org.springframework.boot.test.autoconfigure.web.client.MockRestServiceServerResetTestExecutionListener, org.springframework.boot.test.autoconfigure.web.servlet.MockMvcPrintOnlyOnFailureTestExecutionListener, org.springframework.boot.test.autoconfigure.web.servlet.WebDriverTestExecutionListener, org.springframework.boot.test.autoconfigure.webservices.client.MockWebServiceServerTestExecutionListener, org.springframework.boot.test.mock.mockito.MockitoTestExecutionListener, org.springframework.boot.test.mock.mockito.ResetMocksTestExecutionListener, org.springframework.test.context.web.ServletTestExecutionListener, org.springframework.test.context.support.DirtiesContextBeforeModesTestExecutionListener, org.springframework.test.context.support.DependencyInjectionTestExecutionListener, org.springframework.test.context.support.DirtiesContextTestExecutionListener, org.springframework.test.context.transaction.TransactionalTestExecutionListener, org.springframework.test.context.jdbc.SqlScriptsTestExecutionListener, org.springframework.test.context.event.EventPublishingTestExecutionListener]
2021-12-02 09:05:49.601  INFO 3908 --- [    Test worker] .b.t.c.SpringBootTestContextBootstrapper : Using TestExecutionListeners: [org.springframework.test.context.web.ServletTestExecutionListener@2e829d0c, org.springframework.test.context.support.DirtiesContextBeforeModesTestExecutionListener@6594aa6, org.springframework.boot.test.mock.mockito.MockitoTestExecutionListener@380ae1a4, org.springframework.boot.test.autoconfigure.SpringBootDependencyInjectionTestExecutionListener@3f54e965, org.springframework.test.context.support.DirtiesContextTestExecutionListener@584697e, org.springframework.test.context.transaction.TransactionalTestExecutionListener@49c41f12, org.springframework.test.context.jdbc.SqlScriptsTestExecutionListener@262cd04f, org.springframework.security.test.context.support.WithSecurityContextTestExecutionListener@3e2b1a2e, org.springframework.test.context.event.EventPublishingTestExecutionListener@18c25b0c, org.springframework.security.test.context.support.ReactorContextTestExecutionListener@7197fb89, org.springframework.boot.test.autoconfigure.restdocs.RestDocsTestExecutionListener@31f9e35c, org.springframework.boot.test.autoconfigure.web.client.MockRestServiceServerResetTestExecutionListener@57e57527, org.springframework.boot.test.autoconfigure.web.servlet.MockMvcPrintOnlyOnFailureTestExecutionListener@5d754eec, org.springframework.boot.test.autoconfigure.web.servlet.WebDriverTestExecutionListener@1370bd78, org.springframework.boot.test.autoconfigure.webservices.client.MockWebServiceServerTestExecutionListener@6d6d5f49, org.springframework.boot.test.mock.mockito.ResetMocksTestExecutionListener@11dd438e]
2021-12-02 09:05:49.611  INFO 3908 --- [    Test worker] o.a.c.c.C.[Tomcat].[localhost].[/]       : Initializing Spring TestDispatcherServlet ''
2021-12-02 09:05:49.611  INFO 3908 --- [    Test worker] o.s.t.web.servlet.TestDispatcherServlet  : Initializing Servlet ''
2021-12-02 09:05:49.612  INFO 3908 --- [    Test worker] o.s.t.web.servlet.TestDispatcherServlet  : Completed initialization in 1 ms
2021-12-02 09:05:49.676  INFO 3908 --- [    Test worker] o.a.c.c.C.[Tomcat].[localhost].[/]       : Initializing Spring TestDispatcherServlet ''
2021-12-02 09:05:49.676  INFO 3908 --- [    Test worker] o.s.t.web.servlet.TestDispatcherServlet  : Initializing Servlet ''
2021-12-02 09:05:49.676  INFO 3908 --- [    Test worker] o.s.t.web.servlet.TestDispatcherServlet  : Completed initialization in 0 ms
]]></system-out>
  <system-err><![CDATA[]]></system-err>
</testsuite>
