<?xml version="1.0" encoding="UTF-8"?>
<testsuite name="com.pongdong.book.springboot.web.PostApiControllerTest" tests="2" skipped="0" failures="0" errors="0" timestamp="2021-12-01T06:50:55" hostname="LAPTOP-KJK6C5MT" time="0.199">
  <properties/>
  <testcase name="Posts_등록된다()" classname="com.pongdong.book.springboot.web.PostApiControllerTest" time="0.173"/>
  <testcase name="Posts_수정된다()" classname="com.pongdong.book.springboot.web.PostApiControllerTest" time="0.025"/>
  <system-out><![CDATA[2021-12-01 15:50:55.198  INFO 22952 --- [    Test worker] .b.t.c.SpringBootTestContextBootstrapper : Neither @ContextConfiguration nor @ContextHierarchy found for test class [com.pongdong.book.springboot.web.PostApiControllerTest], using SpringBootContextLoader
2021-12-01 15:50:55.200  INFO 22952 --- [    Test worker] o.s.t.c.support.AbstractContextLoader    : Could not detect default resource locations for test class [com.pongdong.book.springboot.web.PostApiControllerTest]: no resource found for suffixes {-context.xml, Context.groovy}.
2021-12-01 15:50:55.200  INFO 22952 --- [    Test worker] t.c.s.AnnotationConfigContextLoaderUtils : Could not detect default configuration classes for test class [com.pongdong.book.springboot.web.PostApiControllerTest]: PostApiControllerTest does not declare any static, non-private, non-final, nested classes annotated with @Configuration.
2021-12-01 15:50:55.202  INFO 22952 --- [    Test worker] .b.t.c.SpringBootTestContextBootstrapper : Found @SpringBootConfiguration com.pongdong.book.springboot.Application for test class com.pongdong.book.springboot.web.PostApiControllerTest
2021-12-01 15:50:55.206  INFO 22952 --- [    Test worker] .b.t.c.SpringBootTestContextBootstrapper : Loaded default TestExecutionListener class names from location [META-INF/spring.factories]: [org.springframework.security.test.context.support.WithSecurityContextTestExecutionListener, org.springframework.security.test.context.support.ReactorContextTestExecutionListener, org.springframework.boot.test.autoconfigure.restdocs.RestDocsTestExecutionListener, org.springframework.boot.test.autoconfigure.web.client.MockRestServiceServerResetTestExecutionListener, org.springframework.boot.test.autoconfigure.web.servlet.MockMvcPrintOnlyOnFailureTestExecutionListener, org.springframework.boot.test.autoconfigure.web.servlet.WebDriverTestExecutionListener, org.springframework.boot.test.autoconfigure.webservices.client.MockWebServiceServerTestExecutionListener, org.springframework.boot.test.mock.mockito.MockitoTestExecutionListener, org.springframework.boot.test.mock.mockito.ResetMocksTestExecutionListener, org.springframework.test.context.web.ServletTestExecutionListener, org.springframework.test.context.support.DirtiesContextBeforeModesTestExecutionListener, org.springframework.test.context.support.DependencyInjectionTestExecutionListener, org.springframework.test.context.support.DirtiesContextTestExecutionListener, org.springframework.test.context.transaction.TransactionalTestExecutionListener, org.springframework.test.context.jdbc.SqlScriptsTestExecutionListener, org.springframework.test.context.event.EventPublishingTestExecutionListener]
2021-12-01 15:50:55.208  INFO 22952 --- [    Test worker] .b.t.c.SpringBootTestContextBootstrapper : Using TestExecutionListeners: [org.springframework.test.context.web.ServletTestExecutionListener@442eac9d, org.springframework.test.context.support.DirtiesContextBeforeModesTestExecutionListener@7b9525bb, org.springframework.boot.test.mock.mockito.MockitoTestExecutionListener@499797ca, org.springframework.boot.test.autoconfigure.SpringBootDependencyInjectionTestExecutionListener@2844d374, org.springframework.test.context.support.DirtiesContextTestExecutionListener@193fc8a5, org.springframework.test.context.transaction.TransactionalTestExecutionListener@4bd59ec4, org.springframework.test.context.jdbc.SqlScriptsTestExecutionListener@3e0969b3, org.springframework.security.test.context.support.WithSecurityContextTestExecutionListener@3058c275, org.springframework.test.context.event.EventPublishingTestExecutionListener@57454e3b, org.springframework.security.test.context.support.ReactorContextTestExecutionListener@3001c9a9, org.springframework.boot.test.autoconfigure.restdocs.RestDocsTestExecutionListener@45306aeb, org.springframework.boot.test.autoconfigure.web.client.MockRestServiceServerResetTestExecutionListener@330d5352, org.springframework.boot.test.autoconfigure.web.servlet.MockMvcPrintOnlyOnFailureTestExecutionListener@4ec4e79e, org.springframework.boot.test.autoconfigure.web.servlet.WebDriverTestExecutionListener@7036236e, org.springframework.boot.test.autoconfigure.webservices.client.MockWebServiceServerTestExecutionListener@361768b1, org.springframework.boot.test.mock.mockito.ResetMocksTestExecutionListener@6f592ae2]
2021-12-01 15:50:55.241  INFO 22952 --- [    Test worker] o.a.c.c.C.[Tomcat].[localhost].[/]       : Initializing Spring TestDispatcherServlet ''
2021-12-01 15:50:55.241  INFO 22952 --- [    Test worker] o.s.t.web.servlet.TestDispatcherServlet  : Initializing Servlet ''
2021-12-01 15:50:55.242  INFO 22952 --- [    Test worker] o.s.t.web.servlet.TestDispatcherServlet  : Completed initialization in 1 ms
2021-12-01 15:50:55.391  INFO 22952 --- [    Test worker] o.a.c.c.C.[Tomcat].[localhost].[/]       : Initializing Spring TestDispatcherServlet ''
2021-12-01 15:50:55.391  INFO 22952 --- [    Test worker] o.s.t.web.servlet.TestDispatcherServlet  : Initializing Servlet ''
2021-12-01 15:50:55.391  INFO 22952 --- [    Test worker] o.s.t.web.servlet.TestDispatcherServlet  : Completed initialization in 0 ms
]]></system-out>
  <system-err><![CDATA[]]></system-err>
</testsuite>
