<?xml version="1.0" encoding="UTF-8"?>
<testsuite name="com.pongdong.book.springboot.web.domain.posts.PostsRepositoryTest" tests="2" skipped="0" failures="0" errors="0" timestamp="2021-12-01T06:50:52" hostname="LAPTOP-KJK6C5MT" time="0.324">
  <properties/>
  <testcase name="게시글저장_불러오기()" classname="com.pongdong.book.springboot.web.domain.posts.PostsRepositoryTest" time="0.311"/>
  <testcase name="BaseTimeEntity_등록()" classname="com.pongdong.book.springboot.web.domain.posts.PostsRepositoryTest" time="0.012"/>
  <system-out><![CDATA[15:50:44.832 [Test worker] DEBUG org.springframework.test.context.BootstrapUtils - Instantiating CacheAwareContextLoaderDelegate from class [org.springframework.test.context.cache.DefaultCacheAwareContextLoaderDelegate]
15:50:44.845 [Test worker] DEBUG org.springframework.test.context.BootstrapUtils - Instantiating BootstrapContext using constructor [public org.springframework.test.context.support.DefaultBootstrapContext(java.lang.Class,org.springframework.test.context.CacheAwareContextLoaderDelegate)]
15:50:44.880 [Test worker] DEBUG org.springframework.test.context.BootstrapUtils - Instantiating TestContextBootstrapper for test class [com.pongdong.book.springboot.web.domain.posts.PostsRepositoryTest] from class [org.springframework.boot.test.context.SpringBootTestContextBootstrapper]
15:50:44.893 [Test worker] INFO org.springframework.boot.test.context.SpringBootTestContextBootstrapper - Neither @ContextConfiguration nor @ContextHierarchy found for test class [com.pongdong.book.springboot.web.domain.posts.PostsRepositoryTest], using SpringBootContextLoader
15:50:44.898 [Test worker] DEBUG org.springframework.test.context.support.AbstractContextLoader - Did not detect default resource location for test class [com.pongdong.book.springboot.web.domain.posts.PostsRepositoryTest]: class path resource [com/pongdong/book/springboot/web/domain/posts/PostsRepositoryTest-context.xml] does not exist
15:50:44.899 [Test worker] DEBUG org.springframework.test.context.support.AbstractContextLoader - Did not detect default resource location for test class [com.pongdong.book.springboot.web.domain.posts.PostsRepositoryTest]: class path resource [com/pongdong/book/springboot/web/domain/posts/PostsRepositoryTestContext.groovy] does not exist
15:50:44.899 [Test worker] INFO org.springframework.test.context.support.AbstractContextLoader - Could not detect default resource locations for test class [com.pongdong.book.springboot.web.domain.posts.PostsRepositoryTest]: no resource found for suffixes {-context.xml, Context.groovy}.
15:50:44.900 [Test worker] INFO org.springframework.test.context.support.AnnotationConfigContextLoaderUtils - Could not detect default configuration classes for test class [com.pongdong.book.springboot.web.domain.posts.PostsRepositoryTest]: PostsRepositoryTest does not declare any static, non-private, non-final, nested classes annotated with @Configuration.
15:50:44.951 [Test worker] DEBUG org.springframework.test.context.support.ActiveProfilesUtils - Could not find an 'annotation declaring class' for annotation type [org.springframework.test.context.ActiveProfiles] and class [com.pongdong.book.springboot.web.domain.posts.PostsRepositoryTest]
15:50:45.055 [Test worker] DEBUG org.springframework.context.annotation.ClassPathScanningCandidateComponentProvider - Identified candidate component class: file [C:\s\freelec-springboot-webservice\build\classes\java\main\com\pongdong\book\springboot\Application.class]
15:50:45.056 [Test worker] INFO org.springframework.boot.test.context.SpringBootTestContextBootstrapper - Found @SpringBootConfiguration com.pongdong.book.springboot.Application for test class com.pongdong.book.springboot.web.domain.posts.PostsRepositoryTest
15:50:45.175 [Test worker] DEBUG org.springframework.boot.test.context.SpringBootTestContextBootstrapper - @TestExecutionListeners is not present for class [com.pongdong.book.springboot.web.domain.posts.PostsRepositoryTest]: using defaults.
15:50:45.176 [Test worker] INFO org.springframework.boot.test.context.SpringBootTestContextBootstrapper - Loaded default TestExecutionListener class names from location [META-INF/spring.factories]: [org.springframework.security.test.context.support.WithSecurityContextTestExecutionListener, org.springframework.security.test.context.support.ReactorContextTestExecutionListener, org.springframework.boot.test.autoconfigure.restdocs.RestDocsTestExecutionListener, org.springframework.boot.test.autoconfigure.web.client.MockRestServiceServerResetTestExecutionListener, org.springframework.boot.test.autoconfigure.web.servlet.MockMvcPrintOnlyOnFailureTestExecutionListener, org.springframework.boot.test.autoconfigure.web.servlet.WebDriverTestExecutionListener, org.springframework.boot.test.autoconfigure.webservices.client.MockWebServiceServerTestExecutionListener, org.springframework.boot.test.mock.mockito.MockitoTestExecutionListener, org.springframework.boot.test.mock.mockito.ResetMocksTestExecutionListener, org.springframework.test.context.web.ServletTestExecutionListener, org.springframework.test.context.support.DirtiesContextBeforeModesTestExecutionListener, org.springframework.test.context.support.DependencyInjectionTestExecutionListener, org.springframework.test.context.support.DirtiesContextTestExecutionListener, org.springframework.test.context.transaction.TransactionalTestExecutionListener, org.springframework.test.context.jdbc.SqlScriptsTestExecutionListener, org.springframework.test.context.event.EventPublishingTestExecutionListener]
15:50:45.199 [Test worker] INFO org.springframework.boot.test.context.SpringBootTestContextBootstrapper - Using TestExecutionListeners: [org.springframework.test.context.web.ServletTestExecutionListener@1ea69f2d, org.springframework.test.context.support.DirtiesContextBeforeModesTestExecutionListener@d11afd9, org.springframework.boot.test.mock.mockito.MockitoTestExecutionListener@296afdf5, org.springframework.boot.test.autoconfigure.SpringBootDependencyInjectionTestExecutionListener@65510ef6, org.springframework.test.context.support.DirtiesContextTestExecutionListener@4f24ba86, org.springframework.test.context.transaction.TransactionalTestExecutionListener@4fcbabdc, org.springframework.test.context.jdbc.SqlScriptsTestExecutionListener@31307285, org.springframework.security.test.context.support.WithSecurityContextTestExecutionListener@5c7beceb, org.springframework.test.context.event.EventPublishingTestExecutionListener@36619d68, org.springframework.security.test.context.support.ReactorContextTestExecutionListener@24e65533, org.springframework.boot.test.autoconfigure.restdocs.RestDocsTestExecutionListener@16f0bf70, org.springframework.boot.test.autoconfigure.web.client.MockRestServiceServerResetTestExecutionListener@156f15f1, org.springframework.boot.test.autoconfigure.web.servlet.MockMvcPrintOnlyOnFailureTestExecutionListener@2f5f50e9, org.springframework.boot.test.autoconfigure.web.servlet.WebDriverTestExecutionListener@3986d7fc, org.springframework.boot.test.autoconfigure.webservices.client.MockWebServiceServerTestExecutionListener@2a1ef483, org.springframework.boot.test.mock.mockito.ResetMocksTestExecutionListener@4733acac]
15:50:45.206 [Test worker] DEBUG org.springframework.test.context.support.AbstractDirtiesContextTestExecutionListener - Before test class: context [DefaultTestContext@47e471b6 testClass = PostsRepositoryTest, testInstance = [null], testMethod = [null], testException = [null], mergedContextConfiguration = [WebMergedContextConfiguration@1e5d2d9 testClass = PostsRepositoryTest, locations = '{}', classes = '{class com.pongdong.book.springboot.Application}', contextInitializerClasses = '[]', activeProfiles = '{}', propertySourceLocations = '{}', propertySourceProperties = '{org.springframework.boot.test.context.SpringBootTestContextBootstrapper=true}', contextCustomizers = set[org.springframework.boot.test.autoconfigure.actuate.metrics.MetricsExportContextCustomizerFactory$DisableMetricExportContextCustomizer@619cd0a2, org.springframework.boot.test.autoconfigure.properties.PropertyMappingContextCustomizer@0, org.springframework.boot.test.autoconfigure.web.servlet.WebDriverContextCustomizerFactory$Customizer@359e0741, org.springframework.boot.test.context.filter.ExcludeFilterContextCustomizer@b94fb69, org.springframework.boot.test.json.DuplicateJsonObjectContextCustomizerFactory$DuplicateJsonObjectContextCustomizer@6e70bbda, org.springframework.boot.test.mock.mockito.MockitoContextCustomizer@0, org.springframework.boot.test.web.client.TestRestTemplateContextCustomizer@4e1e6d22, org.springframework.boot.test.context.SpringBootTestArgs@1, org.springframework.boot.test.context.SpringBootTestWebEnvironment@4d291385], resourceBasePath = 'src/main/webapp', contextLoader = 'org.springframework.boot.test.context.SpringBootContextLoader', parent = [null]], attributes = map['org.springframework.test.context.web.ServletTestExecutionListener.activateListener' -> true]], class annotated with @DirtiesContext [false] with mode [null].
15:50:45.253 [Test worker] DEBUG org.springframework.test.context.support.TestPropertySourceUtils - Adding inlined properties to environment: {spring.jmx.enabled=false, org.springframework.boot.test.context.SpringBootTestContextBootstrapper=true}

  .   ____          _            __ _ _
 /\\ / ___'_ __ _ _(_)_ __  __ _ \ \ \ \
( ( )\___ | '_ | '_| | '_ \/ _` | \ \ \ \
 \\/  ___)| |_)| | | | | || (_| |  ) ) ) )
  '  |____| .__|_| |_|_| |_\__, | / / / /
 =========|_|==============|___/=/_/_/_/
 :: Spring Boot ::                (v2.4.1)

2021-12-01 15:50:45.716  INFO 22952 --- [    Test worker] c.p.b.s.w.d.posts.PostsRepositoryTest    : Starting PostsRepositoryTest using Java 1.8.0_291 on LAPTOP-KJK6C5MT with PID 22952 (started by haksa in C:\s\freelec-springboot-webservice)
2021-12-01 15:50:45.718  INFO 22952 --- [    Test worker] c.p.b.s.w.d.posts.PostsRepositoryTest    : The following profiles are active: oauth
2021-12-01 15:50:46.811  INFO 22952 --- [    Test worker] .s.d.r.c.RepositoryConfigurationDelegate : Bootstrapping Spring Data JPA repositories in DEFAULT mode.
2021-12-01 15:50:46.916  INFO 22952 --- [    Test worker] .s.d.r.c.RepositoryConfigurationDelegate : Finished Spring Data repository scanning in 91 ms. Found 2 JPA repository interfaces.
2021-12-01 15:50:47.950  INFO 22952 --- [    Test worker] com.zaxxer.hikari.HikariDataSource       : HikariPool-1 - Starting...
2021-12-01 15:50:48.217  INFO 22952 --- [    Test worker] com.zaxxer.hikari.HikariDataSource       : HikariPool-1 - Start completed.
2021-12-01 15:50:48.345  INFO 22952 --- [    Test worker] o.hibernate.jpa.internal.util.LogHelper  : HHH000204: Processing PersistenceUnitInfo [name: default]
2021-12-01 15:50:48.462  INFO 22952 --- [    Test worker] org.hibernate.Version                    : HHH000412: Hibernate ORM core version 5.4.25.Final
2021-12-01 15:50:48.681  INFO 22952 --- [    Test worker] o.hibernate.annotations.common.Version   : HCANN000001: Hibernate Commons Annotations {5.1.2.Final}
2021-12-01 15:50:48.844  INFO 22952 --- [    Test worker] org.hibernate.dialect.Dialect            : HHH000400: Using dialect: org.hibernate.dialect.MySQL57Dialect
2021-12-01 15:50:49.688  INFO 22952 --- [    Test worker] o.h.e.t.j.p.i.JtaPlatformInitiator       : HHH000490: Using JtaPlatform implementation: [org.hibernate.engine.transaction.jta.platform.internal.NoJtaPlatform]
2021-12-01 15:50:49.698  INFO 22952 --- [    Test worker] j.LocalContainerEntityManagerFactoryBean : Initialized JPA EntityManagerFactory for persistence unit 'default'
2021-12-01 15:50:51.188  INFO 22952 --- [    Test worker] o.s.s.web.DefaultSecurityFilterChain     : Will secure any request with [org.springframework.security.web.context.request.async.WebAsyncManagerIntegrationFilter@670b92ec, org.springframework.security.web.context.SecurityContextPersistenceFilter@7304da85, org.springframework.security.web.header.HeaderWriterFilter@2fe4af62, org.springframework.security.web.authentication.logout.LogoutFilter@4e7d373f, org.springframework.security.oauth2.client.web.OAuth2AuthorizationRequestRedirectFilter@683785e4, org.springframework.security.oauth2.client.web.OAuth2LoginAuthenticationFilter@6e75ed88, org.springframework.security.web.authentication.ui.DefaultLoginPageGeneratingFilter@607b63bf, org.springframework.security.web.authentication.ui.DefaultLogoutPageGeneratingFilter@4f562e43, org.springframework.security.web.savedrequest.RequestCacheAwareFilter@56630b8d, org.springframework.security.web.servletapi.SecurityContextHolderAwareRequestFilter@6dd96726, org.springframework.security.web.authentication.AnonymousAuthenticationFilter@4b7d95ae, org.springframework.security.web.session.SessionManagementFilter@e44c7b7, org.springframework.security.web.access.ExceptionTranslationFilter@136f5c22, org.springframework.security.web.access.intercept.FilterSecurityInterceptor@14941704]
2021-12-01 15:50:51.714  INFO 22952 --- [    Test worker] o.s.s.concurrent.ThreadPoolTaskExecutor  : Initializing ExecutorService 'applicationTaskExecutor'
2021-12-01 15:50:51.841  INFO 22952 --- [    Test worker] o.s.b.a.w.s.WelcomePageHandlerMapping    : Adding welcome page template: index
2021-12-01 15:50:52.389  INFO 22952 --- [    Test worker] s.a.ScheduledAnnotationBeanPostProcessor : No TaskScheduler/ScheduledExecutorService bean found for scheduled processing
2021-12-01 15:50:52.405  INFO 22952 --- [    Test worker] c.p.b.s.w.d.posts.PostsRepositoryTest    : Started PostsRepositoryTest in 7.142 seconds (JVM running for 8.778)
>>>>>>>> createDate=2021-12-01T15:50:52.745, modifiedDate=2021-12-01T15:50:52.745
]]></system-out>
  <system-err><![CDATA[]]></system-err>
</testsuite>
