<?xml version="1.0" encoding="UTF-8"?>
<testsuite name="com.pongdong.book.springboot.web.HelloControllerTest" tests="2" skipped="0" failures="0" errors="0" timestamp="2021-11-28T08:53:57" hostname="LAPTOP-KJK6C5MT" time="0.512">
  <properties/>
  <testcase name="HelloDto가_리턴_된다()" classname="com.pongdong.book.springboot.web.HelloControllerTest" time="0.5"/>
  <testcase name="Hello가_리턴된다()" classname="com.pongdong.book.springboot.web.HelloControllerTest" time="0.01"/>
  <system-out><![CDATA[17:53:53.497 [Test worker] DEBUG org.springframework.test.context.BootstrapUtils - Instantiating CacheAwareContextLoaderDelegate from class [org.springframework.test.context.cache.DefaultCacheAwareContextLoaderDelegate]
17:53:53.526 [Test worker] DEBUG org.springframework.test.context.BootstrapUtils - Instantiating BootstrapContext using constructor [public org.springframework.test.context.support.DefaultBootstrapContext(java.lang.Class,org.springframework.test.context.CacheAwareContextLoaderDelegate)]
17:53:53.555 [Test worker] DEBUG org.springframework.test.context.BootstrapUtils - Instantiating TestContextBootstrapper for test class [com.pongdong.book.springboot.web.HelloControllerTest] from class [org.springframework.boot.test.autoconfigure.web.servlet.WebMvcTestContextBootstrapper]
17:53:53.570 [Test worker] INFO org.springframework.boot.test.autoconfigure.web.servlet.WebMvcTestContextBootstrapper - Neither @ContextConfiguration nor @ContextHierarchy found for test class [com.pongdong.book.springboot.web.HelloControllerTest], using SpringBootContextLoader
17:53:53.574 [Test worker] DEBUG org.springframework.test.context.support.AbstractContextLoader - Did not detect default resource location for test class [com.pongdong.book.springboot.web.HelloControllerTest]: class path resource [com/pongdong/book/springboot/web/HelloControllerTest-context.xml] does not exist
17:53:53.574 [Test worker] DEBUG org.springframework.test.context.support.AbstractContextLoader - Did not detect default resource location for test class [com.pongdong.book.springboot.web.HelloControllerTest]: class path resource [com/pongdong/book/springboot/web/HelloControllerTestContext.groovy] does not exist
17:53:53.575 [Test worker] INFO org.springframework.test.context.support.AbstractContextLoader - Could not detect default resource locations for test class [com.pongdong.book.springboot.web.HelloControllerTest]: no resource found for suffixes {-context.xml, Context.groovy}.
17:53:53.575 [Test worker] INFO org.springframework.test.context.support.AnnotationConfigContextLoaderUtils - Could not detect default configuration classes for test class [com.pongdong.book.springboot.web.HelloControllerTest]: HelloControllerTest does not declare any static, non-private, non-final, nested classes annotated with @Configuration.
17:53:53.663 [Test worker] DEBUG org.springframework.test.context.support.ActiveProfilesUtils - Could not find an 'annotation declaring class' for annotation type [org.springframework.test.context.ActiveProfiles] and class [com.pongdong.book.springboot.web.HelloControllerTest]
17:53:53.751 [Test worker] DEBUG org.springframework.context.annotation.ClassPathScanningCandidateComponentProvider - Identified candidate component class: file [C:\s\freelec-springboot-webservice\build\classes\java\main\com\pongdong\book\springboot\Application.class]
17:53:53.754 [Test worker] INFO org.springframework.boot.test.context.SpringBootTestContextBootstrapper - Found @SpringBootConfiguration com.pongdong.book.springboot.Application for test class com.pongdong.book.springboot.web.HelloControllerTest
17:53:53.756 [Test worker] DEBUG org.springframework.boot.test.autoconfigure.web.servlet.WebMvcTestContextBootstrapper - @TestExecutionListeners is not present for class [com.pongdong.book.springboot.web.HelloControllerTest]: using defaults.
17:53:53.757 [Test worker] INFO org.springframework.boot.test.autoconfigure.web.servlet.WebMvcTestContextBootstrapper - Loaded default TestExecutionListener class names from location [META-INF/spring.factories]: [org.springframework.security.test.context.support.WithSecurityContextTestExecutionListener, org.springframework.security.test.context.support.ReactorContextTestExecutionListener, org.springframework.boot.test.autoconfigure.restdocs.RestDocsTestExecutionListener, org.springframework.boot.test.autoconfigure.web.client.MockRestServiceServerResetTestExecutionListener, org.springframework.boot.test.autoconfigure.web.servlet.MockMvcPrintOnlyOnFailureTestExecutionListener, org.springframework.boot.test.autoconfigure.web.servlet.WebDriverTestExecutionListener, org.springframework.boot.test.mock.mockito.MockitoTestExecutionListener, org.springframework.boot.test.mock.mockito.ResetMocksTestExecutionListener, org.springframework.test.context.web.ServletTestExecutionListener, org.springframework.test.context.support.DirtiesContextBeforeModesTestExecutionListener, org.springframework.test.context.support.DependencyInjectionTestExecutionListener, org.springframework.test.context.support.DirtiesContextTestExecutionListener, org.springframework.test.context.transaction.TransactionalTestExecutionListener, org.springframework.test.context.jdbc.SqlScriptsTestExecutionListener]
17:53:53.795 [Test worker] INFO org.springframework.boot.test.autoconfigure.web.servlet.WebMvcTestContextBootstrapper - Using TestExecutionListeners: [org.springframework.test.context.web.ServletTestExecutionListener@5cded9f5, org.springframework.test.context.support.DirtiesContextBeforeModesTestExecutionListener@362733d8, org.springframework.boot.test.mock.mockito.MockitoTestExecutionListener@33a69b6f, org.springframework.boot.test.autoconfigure.SpringBootDependencyInjectionTestExecutionListener@5c46f4bf, org.springframework.test.context.support.DirtiesContextTestExecutionListener@76fd9fb3, org.springframework.test.context.transaction.TransactionalTestExecutionListener@79cbcb47, org.springframework.test.context.jdbc.SqlScriptsTestExecutionListener@7e315af2, org.springframework.security.test.context.support.WithSecurityContextTestExecutionListener@15b9aa87, org.springframework.security.test.context.support.ReactorContextTestExecutionListener@fa3bf84, org.springframework.boot.test.autoconfigure.restdocs.RestDocsTestExecutionListener@2815ccc4, org.springframework.boot.test.autoconfigure.web.client.MockRestServiceServerResetTestExecutionListener@5c87f5fe, org.springframework.boot.test.autoconfigure.web.servlet.MockMvcPrintOnlyOnFailureTestExecutionListener@432917b, org.springframework.boot.test.autoconfigure.web.servlet.WebDriverTestExecutionListener@16ff41e6, org.springframework.boot.test.mock.mockito.ResetMocksTestExecutionListener@108adc11]
17:53:53.800 [Test worker] DEBUG org.springframework.test.context.support.AbstractDirtiesContextTestExecutionListener - Before test class: context [DefaultTestContext@54e266fd testClass = HelloControllerTest, testInstance = [null], testMethod = [null], testException = [null], mergedContextConfiguration = [WebMergedContextConfiguration@6e9b613a testClass = HelloControllerTest, locations = '{}', classes = '{class com.pongdong.book.springboot.Application}', contextInitializerClasses = '[]', activeProfiles = '{}', propertySourceLocations = '{}', propertySourceProperties = '{org.springframework.boot.test.autoconfigure.web.servlet.WebMvcTestContextBootstrapper=true}', contextCustomizers = set[org.springframework.boot.test.autoconfigure.OverrideAutoConfigurationContextCustomizerFactory$DisableAutoConfigurationContextCustomizer@d436cb7, org.springframework.boot.test.autoconfigure.filter.TypeExcludeFiltersContextCustomizer@f3ab7e62, org.springframework.boot.test.autoconfigure.properties.PropertyMappingContextCustomizer@d00a32cb, org.springframework.boot.test.autoconfigure.web.servlet.WebDriverContextCustomizerFactory$Customizer@2847ab01, [ImportsContextCustomizer@27db2e8 key = [org.springframework.boot.autoconfigure.cache.CacheAutoConfiguration, org.springframework.boot.autoconfigure.context.MessageSourceAutoConfiguration, org.springframework.boot.autoconfigure.data.web.SpringDataWebAutoConfiguration, org.springframework.boot.autoconfigure.freemarker.FreeMarkerAutoConfiguration, org.springframework.boot.autoconfigure.groovy.template.GroovyTemplateAutoConfiguration, org.springframework.boot.autoconfigure.gson.GsonAutoConfiguration, org.springframework.boot.autoconfigure.hateoas.HypermediaAutoConfiguration, org.springframework.boot.autoconfigure.http.HttpMessageConvertersAutoConfiguration, org.springframework.boot.autoconfigure.jackson.JacksonAutoConfiguration, org.springframework.boot.autoconfigure.jsonb.JsonbAutoConfiguration, org.springframework.boot.autoconfigure.mustache.MustacheAutoConfiguration, org.springframework.boot.autoconfigure.task.TaskExecutionAutoConfiguration, org.springframework.boot.autoconfigure.thymeleaf.ThymeleafAutoConfiguration, org.springframework.boot.autoconfigure.validation.ValidationAutoConfiguration, org.springframework.boot.autoconfigure.web.servlet.error.ErrorMvcAutoConfiguration, org.springframework.boot.autoconfigure.web.servlet.WebMvcAutoConfiguration, org.springframework.boot.test.autoconfigure.web.servlet.MockMvcAutoConfiguration, org.springframework.boot.test.autoconfigure.web.servlet.MockMvcSecurityAutoConfiguration, org.springframework.boot.test.autoconfigure.web.servlet.MockMvcWebClientAutoConfiguration, org.springframework.boot.test.autoconfigure.web.servlet.MockMvcWebDriverAutoConfiguration]], org.springframework.boot.test.context.filter.ExcludeFilterContextCustomizer@20c03eab, org.springframework.boot.test.json.DuplicateJsonObjectContextCustomizerFactory$DuplicateJsonObjectContextCustomizer@17328657, org.springframework.boot.test.mock.mockito.MockitoContextCustomizer@0], resourceBasePath = 'src/main/webapp', contextLoader = 'org.springframework.boot.test.context.SpringBootContextLoader', parent = [null]], attributes = map[[empty]]], class annotated with @DirtiesContext [false] with mode [null].
17:53:53.806 [Test worker] DEBUG org.springframework.test.context.support.DependencyInjectionTestExecutionListener - Performing dependency injection for test context [[DefaultTestContext@54e266fd testClass = HelloControllerTest, testInstance = com.pongdong.book.springboot.web.HelloControllerTest@29ec234e, testMethod = [null], testException = [null], mergedContextConfiguration = [WebMergedContextConfiguration@6e9b613a testClass = HelloControllerTest, locations = '{}', classes = '{class com.pongdong.book.springboot.Application}', contextInitializerClasses = '[]', activeProfiles = '{}', propertySourceLocations = '{}', propertySourceProperties = '{org.springframework.boot.test.autoconfigure.web.servlet.WebMvcTestContextBootstrapper=true}', contextCustomizers = set[org.springframework.boot.test.autoconfigure.OverrideAutoConfigurationContextCustomizerFactory$DisableAutoConfigurationContextCustomizer@d436cb7, org.springframework.boot.test.autoconfigure.filter.TypeExcludeFiltersContextCustomizer@f3ab7e62, org.springframework.boot.test.autoconfigure.properties.PropertyMappingContextCustomizer@d00a32cb, org.springframework.boot.test.autoconfigure.web.servlet.WebDriverContextCustomizerFactory$Customizer@2847ab01, [ImportsContextCustomizer@27db2e8 key = [org.springframework.boot.autoconfigure.cache.CacheAutoConfiguration, org.springframework.boot.autoconfigure.context.MessageSourceAutoConfiguration, org.springframework.boot.autoconfigure.data.web.SpringDataWebAutoConfiguration, org.springframework.boot.autoconfigure.freemarker.FreeMarkerAutoConfiguration, org.springframework.boot.autoconfigure.groovy.template.GroovyTemplateAutoConfiguration, org.springframework.boot.autoconfigure.gson.GsonAutoConfiguration, org.springframework.boot.autoconfigure.hateoas.HypermediaAutoConfiguration, org.springframework.boot.autoconfigure.http.HttpMessageConvertersAutoConfiguration, org.springframework.boot.autoconfigure.jackson.JacksonAutoConfiguration, org.springframework.boot.autoconfigure.jsonb.JsonbAutoConfiguration, org.springframework.boot.autoconfigure.mustache.MustacheAutoConfiguration, org.springframework.boot.autoconfigure.task.TaskExecutionAutoConfiguration, org.springframework.boot.autoconfigure.thymeleaf.ThymeleafAutoConfiguration, org.springframework.boot.autoconfigure.validation.ValidationAutoConfiguration, org.springframework.boot.autoconfigure.web.servlet.error.ErrorMvcAutoConfiguration, org.springframework.boot.autoconfigure.web.servlet.WebMvcAutoConfiguration, org.springframework.boot.test.autoconfigure.web.servlet.MockMvcAutoConfiguration, org.springframework.boot.test.autoconfigure.web.servlet.MockMvcSecurityAutoConfiguration, org.springframework.boot.test.autoconfigure.web.servlet.MockMvcWebClientAutoConfiguration, org.springframework.boot.test.autoconfigure.web.servlet.MockMvcWebDriverAutoConfiguration]], org.springframework.boot.test.context.filter.ExcludeFilterContextCustomizer@20c03eab, org.springframework.boot.test.json.DuplicateJsonObjectContextCustomizerFactory$DuplicateJsonObjectContextCustomizer@17328657, org.springframework.boot.test.mock.mockito.MockitoContextCustomizer@0], resourceBasePath = 'src/main/webapp', contextLoader = 'org.springframework.boot.test.context.SpringBootContextLoader', parent = [null]], attributes = map[[empty]]]].
17:53:53.952 [Test worker] DEBUG org.springframework.test.context.support.TestPropertySourceUtils - Adding inlined properties to environment: {spring.jmx.enabled=false, org.springframework.boot.test.autoconfigure.web.servlet.WebMvcTestContextBootstrapper=true, server.port=-1}

  .   ____          _            __ _ _
 /\\ / ___'_ __ _ _(_)_ __  __ _ \ \ \ \
( ( )\___ | '_ | '_| | '_ \/ _` | \ \ \ \
 \\/  ___)| |_)| | | | | || (_| |  ) ) ) )
  '  |____| .__|_| |_|_| |_\__, | / / / /
 =========|_|==============|___/=/_/_/_/
 :: Spring Boot ::        (v2.1.7.RELEASE)

2021-11-28 17:53:54.304  INFO 36344 --- [    Test worker] c.p.b.s.web.HelloControllerTest          : Starting HelloControllerTest on LAPTOP-KJK6C5MT with PID 36344 (started by haksa in C:\s\freelec-springboot-webservice)
2021-11-28 17:53:54.306  INFO 36344 --- [    Test worker] c.p.b.s.web.HelloControllerTest          : No active profile set, falling back to default profiles: default
2021-11-28 17:53:56.227  INFO 36344 --- [    Test worker] o.s.s.concurrent.ThreadPoolTaskExecutor  : Initializing ExecutorService 'applicationTaskExecutor'
2021-11-28 17:53:56.425  INFO 36344 --- [    Test worker] o.s.b.a.w.s.WelcomePageHandlerMapping    : Adding welcome page template: index
2021-11-28 17:53:56.931  INFO 36344 --- [    Test worker] .s.s.UserDetailsServiceAutoConfiguration : 

Using generated security password: aa30aadd-7cbe-4504-a74e-f8e186d0e7c5

2021-11-28 17:53:57.290  INFO 36344 --- [    Test worker] o.s.s.web.DefaultSecurityFilterChain     : Creating filter chain: any request, [org.springframework.security.web.context.request.async.WebAsyncManagerIntegrationFilter@1fc5cd0, org.springframework.security.web.context.SecurityContextPersistenceFilter@2deccbaa, org.springframework.security.web.header.HeaderWriterFilter@62a8c9b, org.springframework.security.web.csrf.CsrfFilter@519f0a63, org.springframework.security.web.authentication.logout.LogoutFilter@72745f2f, org.springframework.security.web.authentication.UsernamePasswordAuthenticationFilter@271a595a, org.springframework.security.web.authentication.ui.DefaultLoginPageGeneratingFilter@1ca50224, org.springframework.security.web.authentication.ui.DefaultLogoutPageGeneratingFilter@630fea82, org.springframework.security.web.authentication.www.BasicAuthenticationFilter@342af22e, org.springframework.security.web.savedrequest.RequestCacheAwareFilter@11f9c7f9, org.springframework.security.web.servletapi.SecurityContextHolderAwareRequestFilter@1c4e4f95, org.springframework.security.web.authentication.AnonymousAuthenticationFilter@4d3dc27c, org.springframework.security.web.session.SessionManagementFilter@1b9abb6e, org.springframework.security.web.access.ExceptionTranslationFilter@335ae165, org.springframework.security.web.access.intercept.FilterSecurityInterceptor@39d0f033]
2021-11-28 17:53:57.400  INFO 36344 --- [    Test worker] o.s.b.t.m.w.SpringBootMockServletContext : Initializing Spring TestDispatcherServlet ''
2021-11-28 17:53:57.401  INFO 36344 --- [    Test worker] o.s.t.web.servlet.TestDispatcherServlet  : Initializing Servlet ''
2021-11-28 17:53:57.429  INFO 36344 --- [    Test worker] o.s.t.web.servlet.TestDispatcherServlet  : Completed initialization in 28 ms
2021-11-28 17:53:57.526  INFO 36344 --- [    Test worker] c.p.b.s.web.HelloControllerTest          : Started HelloControllerTest in 3.564 seconds (JVM running for 5.506)
]]></system-out>
  <system-err><![CDATA[]]></system-err>
</testsuite>
